5.920748785138129895e-05
-2.577120251953601704e-05
1.625777035951614477e-04
-4.318128898739814466e-05
8.360677398741245961e-06
1.695530712604522588e-04
1.821374893188476693e-05
2.163436263799667467e-04
1.310314387083053467e-04
-2.128262445330619969e-05
3.540824353694915593e-05
1.079091429710388162e-04
6.062373518943786431e-05
5.783217772841453677e-05
1.258892863988876382e-04
-2.263312041759491024e-05
2.241005599498748781e-04
1.529773324728012117e-04
-4.754344001412391419e-05
1.919105648994445950e-05
1.559496372938156002e-04
2.368874102830886892e-05
1.823196001350879807e-05
1.786418408155441152e-04
3.559308126568794142e-05
2.351644486188888639e-04
1.322067826986312775e-04
1.789680682122707299e-05
-5.000000074505805682e-05
1.539707034826278819e-04
-2.335474826395511736e-05
8.374524116516112945e-05
1.750142276287078769e-04
9.562867693603038300e-06
6.407558172941207680e-05
1.054550036787986792e-04
1.982447318732738663e-05
1.657482236623763930e-04
1.408562660217285115e-04
4.815559834241866754e-06
9.088402241468429110e-05
1.175848022103309642e-04
1.653273589909076636e-05
9.305760264396667155e-05
1.267236769199371225e-04
-4.267353215254843006e-07
1.273089833557605773e-05
1.792144179344177276e-04
-1.264557056128978685e-05
2.428132295608520519e-04
1.491559892892837570e-04
1.604904653504490834e-06
6.207302585244178306e-05
1.055244803428649858e-04
-2.647267095744609692e-05
7.043275237083435449e-05
1.089446544647216803e-04
8.539131842553615868e-06
1.649219095706939660e-04
1.622710078954696703e-04
-3.579504787921905463e-05
5.924275144934654073e-05
1.735297441482543947e-04
2.102347649633884435e-05
3.293753787875175162e-05
1.059573590755462629e-04
-3.411873057484626651e-05
2.090356349945068394e-04
1.454644799232482930e-04
1.280063856393098843e-05
1.407237201929092301e-04
1.603022962808608998e-04
-3.483860567212104597e-05
1.385640949010849120e-04
1.499798148870468194e-04
1.955334795638918914e-06
1.145445331931114140e-04
1.657268404960632292e-04
2.265463769435882566e-05
1.639198213815689080e-04
1.415168493986129739e-04
-1.607571355998516183e-05
1.765156835317611668e-04
1.522645056247711284e-04
-2.050778269767761090e-05
-1.142225321382284116e-05
1.077783778309822100e-04
4.702843725681305067e-05
8.354385942220687194e-05
1.384838521480560392e-04
-1.295543089509010358e-05
1.705407947301864756e-04
1.276905685663223247e-04
4.300954565405845740e-05
8.515661954879760927e-05
1.343770325183868321e-04
5.710958037525415563e-06
2.009482979774475137e-04
1.556643545627594074e-04
6.223946437239646402e-05
-5.218152422457933819e-06
1.310443729162216124e-04
5.024096369743347217e-05
3.190963994711637341e-06
1.736746430397033717e-04
-2.054375782608985817e-05
1.459819823503494187e-04
1.224209442734718436e-04
4.598169028759002680e-05
2.334932982921600244e-04
1.360574066638946451e-04
1.168835442513227429e-05
-1.678915694355964769e-05
1.054936647415161192e-04
1.572240330278873414e-05
-2.416968345642089674e-06
1.792203336954116706e-04
-1.643343456089496577e-05
-2.587702684104442521e-05
1.071458533406257599e-04
5.741460714489221248e-06
1.632912904024124096e-04
1.654333025217056164e-04
-3.600167110562324524e-05
1.285873651504516716e-04
1.342447400093078707e-04
3.710686787962913844e-05
-3.154369071125984083e-05
1.080466806888580371e-04
-1.726332679390907266e-05
1.881827712059020992e-04
1.421945542097091588e-04
2.439085580408573148e-05
2.137712389230728106e-04
1.479341387748718127e-04
-3.295545652508735830e-05
2.519933693110942702e-05
1.105115637183189451e-04
4.250916466116905418e-05
2.372937798500060979e-04
1.523787230253219565e-04
-3.098428994417190270e-05
2.128233434632420377e-06
1.748130321502685668e-04
5.840820819139480867e-05
2.342994809150695818e-04
1.448213607072830272e-04
2.513641491532325785e-05
1.602266565896570657e-06
1.784896552562713530e-04
-3.482753783464431730e-05
7.817112654447554881e-05
1.110890954732894913e-04
2.957125380635261519e-05
4.565319977700710635e-06
1.779715865850448541e-04
-4.326041787862777412e-05
-3.049014508724212804e-05
1.393382102251052815e-04
-4.251641035079956152e-05
7.383758574724197464e-05
1.403542608022689733e-04
6.326527148485183651e-05
1.747244410216808341e-05
1.490544825792312683e-04
2.787855267524719105e-05
3.256394714117049911e-05
1.781942695379257332e-04
1.876077800989150998e-05
1.680953353643417343e-04
1.463494151830673331e-04
2.607380971312522969e-05
-2.847691066563129290e-05
1.064397767186164823e-04
-1.808760873973369474e-05
2.118050754070281922e-04
1.313528269529342697e-04
1.474062562920153207e-06
5.615349486470222451e-05
1.793123930692672597e-04
1.944392453879118145e-06
2.242403328418731572e-04
1.532285958528518586e-04
3.607825189828872941e-05
-7.859339937567710917e-06
1.078741401433944657e-04
-4.743515700101852509e-05
3.563574701547622393e-05
1.280725002288818251e-04
5.578928068280219999e-05
2.427067756652832007e-04
1.498142629861831633e-04
-3.696958720684051633e-05
1.061096116900443975e-04
1.348903030157089103e-04
5.686880322173238258e-07
1.591564267873764142e-04
1.674586534500121940e-04
-2.255682460963725886e-05
2.353316545486450217e-04
1.458914726972580073e-04
-1.215841970406472754e-06
-5.000000074505805682e-05
1.385000795125961384e-04
-1.815071888267994068e-05
1.698992997407913178e-04
1.344354748725891098e-04
7.279623299837112142e-06
3.601852804422378574e-06
1.794150471687316916e-04
-1.358867157250642810e-05
7.412422448396682631e-05
1.067571267485618630e-04
-2.167594432830810414e-05
2.096990793943405071e-04
1.515685468912124747e-04
5.981665477156639121e-05
2.452568709850311258e-04
1.363247483968734765e-04
-1.847474835813045556e-05
2.321244478225708034e-04
1.518216878175735493e-04
3.872005501762032231e-06
2.083268761634826649e-04
1.301539093255996669e-04
-4.379615932703017852e-05
-1.692941226065158779e-05
1.167859658598899796e-04
-4.308798536658287330e-05
7.135558873414992907e-05
1.246094405651092414e-04
-4.358578100800513901e-05
4.357005283236503373e-05
1.157584935426712077e-04
5.273172631859779548e-05
-4.632929340004920688e-05
1.418030112981796202e-04
-4.699746891856193640e-05
4.300565645098686365e-05
1.595802754163742096e-04
-2.472055889666080437e-05
1.586032807826995804e-04
1.574579775333404409e-04
1.973243616521358609e-05
1.459688544273376478e-04
1.422827839851379349e-04
1.964609138667583628e-05
1.005565151572227519e-04
1.386605799198150539e-04
-5.683689843863248547e-06
9.290567040443420215e-05
1.650968790054321280e-04
-4.822885990142822016e-05
8.747093379497528822e-06
1.396603882312774767e-04
-2.163823135197162609e-05
2.370918393135070792e-04
1.417998522520065314e-04
7.923458702862262536e-06
1.305434107780456662e-04
1.225093528628349280e-04
-1.842537522315979131e-05
1.795990318059921249e-04
1.439360380172729494e-04
6.141135469079017856e-05
-1.236588228493928855e-05
1.321863383054733276e-04
4.323850199580192338e-05
-5.000000074505805682e-05
1.543887704610824520e-04
-2.475389465689659238e-05
2.089745551347732555e-04
1.474013924598693924e-04
5.672596395015716634e-05
-3.716832399368286236e-05
1.364105790853500423e-04
4.072650149464607201e-05
2.318605482578277473e-04
1.374209374189376900e-04
5.499713122844696153e-05
2.471705824136733939e-04
1.492619365453720225e-04
1.495409291237592616e-05
1.005429774522781345e-04
1.559162288904190181e-04
4.366135690361261334e-06
-5.000000074505805682e-05
1.253911703824997005e-04
3.651301958598196578e-07
1.140163987874984804e-04
1.192014068365096979e-04
9.872622787952422377e-06
-3.226125985383987692e-05
1.793857812881469757e-04
5.459342524409294015e-05
9.249933063983916779e-07
1.126548945903778050e-04
3.444905579090118392e-05
3.404261311516165899e-06
1.076004728674888583e-04
-8.362688124179840454e-06
5.788152292370796025e-05
1.786612272262573303e-04
1.309796515852212956e-05
-5.000000074505805682e-05
1.207433491945266666e-04
7.029703352600336393e-06
1.550260782241821259e-04
1.642379760742187578e-04
-1.071528811007738069e-05
-5.000000074505805682e-05
1.660401970148086583e-04
6.083723157644272149e-05
5.648288503289222723e-05
1.390701383352279654e-04
-3.285910934209823337e-05
1.471836119890213121e-04
1.412067115306854211e-04
-8.406643755733967302e-06
-6.015612278133630793e-06
1.061777994036674447e-04
-3.753709420561790564e-05
9.565976262092590918e-05
1.519319713115692134e-04
5.917713418602943415e-05
6.611677259206771601e-05
1.606422662734985417e-04
-4.935959819704294218e-06
-4.614199697971343707e-05
1.757162213325500486e-04
5.820900201797485568e-05
7.063803076744079742e-05
1.594827622175216725e-04
6.156370416283607938e-05
5.118505284190177847e-05
1.228647455573082001e-04
6.803155876696109426e-06
-1.798276603221893476e-05
1.054232791066169790e-04
4.156231135129928844e-05
-2.625961974263191193e-05
1.758812367916107254e-04
-1.776669919490814374e-05
3.004771098494529759e-05
1.073276922106742892e-04
-1.078383065760135583e-05
-4.338008910417557066e-05
1.771067976951599076e-04
3.543532639741897567e-05
-4.857886955142020903e-05
1.705642789602279663e-04
1.338327676057815485e-05
-3.887134790420532346e-05
1.056005880236625638e-04
8.424626663327216912e-06
1.288801580667495758e-04
1.612983644008636366e-04
-4.521586000919342366e-05
6.040437519550323291e-05
1.205192282795906000e-04
-2.032848261296749234e-05
5.846676882356405272e-06
1.770850270986557061e-04
-4.568878561258315959e-05
3.573728725314140564e-05
1.194036826491355922e-04
9.234814788214861915e-07
8.183679729700088891e-05
1.062111482024192800e-04
4.858120903372764539e-05
-4.005863447673618637e-07
1.741462349891662509e-04
-3.214098140597343613e-05
1.092438995838165340e-04
1.599020361900329462e-04
3.074640408158302036e-05
-2.777956798672675986e-05
1.777959167957306012e-04
-2.757293358445167498e-05
-8.122818544507026198e-06
1.092024669051170293e-04
-3.627531230449676487e-05
9.343765676021575765e-05
1.283445060253143324e-04
-2.123528858646750257e-06
-5.000000074505805682e-05
1.657544225454330496e-04
-2.983549982309341412e-05
-3.311788290739059156e-05
1.751161068677902334e-04
2.659844979643821583e-05
-3.497112169861793361e-05
1.065059974789619475e-04
2.094006910920143049e-05
7.942245900630950960e-05
1.061035394668579144e-04
-4.813120141625404054e-05
6.711464375257492167e-06
1.389109939336776681e-04
-4.755637422204017303e-05
4.152923822402954129e-05
1.325895190238952741e-04
9.950870648026465678e-06
-2.973993867635726893e-05
1.793842166662216282e-04
4.084810614585876438e-05
-5.000000074505805682e-05
1.337108910083770706e-04
-2.090262249112129252e-05
7.996831834316253109e-05
1.080235987901687674e-04
-1.656551845371723189e-05
-2.424887381494045149e-05
1.071643009781837475e-04
-1.585309952497482170e-05
2.300207614898681745e-04
1.527606993913650476e-04
3.877415880560875080e-05
8.656143397092819008e-05
1.305051594972610456e-04
-1.316671445965766911e-05
1.979445815086364646e-04
1.548910290002822830e-04
5.391314625740051541e-05
-4.490668699145317257e-05
1.489823609590530435e-04
-1.696781441569328278e-05
2.821139246225357094e-05
1.072070896625518840e-04
-4.590101912617683161e-05
5.604428797960281161e-05
1.507140100002288697e-04
2.514217235147953139e-05
2.251122891902923682e-04
1.531385779380798359e-04
-3.134220466017723224e-05
-4.807772859930992061e-05
1.158743873238563600e-04
2.146594412624836101e-05
4.150236770510673648e-05
1.059936434030532879e-04
5.133090168237686027e-05
-4.291938245296478548e-05
1.711017340421676532e-04
-2.919150143861770500e-05
1.467479020357131828e-04
1.589453518390655492e-04
-5.459488369524479034e-06
-4.353811091277748384e-07
1.789165288209915194e-04
3.293099347501993369e-06
1.750229746103286856e-04
1.606906503438949559e-04
1.224200613796711044e-05
1.337624192237854039e-04
1.618068516254425181e-04
-5.520520266145468117e-06
1.652497351169586145e-04
1.630434840917587350e-04
-4.785488545894622922e-05
1.841899938881397247e-05
1.535272002220153817e-04
-2.569226175546646096e-05
1.578450798988342298e-04
1.569658666849136274e-04
-1.679560542106628440e-05
1.044683903455734269e-04
1.624209433794021639e-04
-3.896316885948180984e-05
8.695581555366516579e-05
1.576310545206070053e-04
-4.978660494089126844e-06
3.205177187919616824e-05
1.789578497409820474e-04
7.580873090773820633e-06
8.904241770505905086e-05
1.128184646368026687e-04
6.307892501354217150e-05
3.458756580948829819e-05
1.423899084329605103e-04
-4.133014008402824537e-05
7.761022448539733637e-05
1.138903871178627042e-04
5.218904465436935208e-05
-3.594030439853668229e-05
1.721776723861694221e-04
-2.780349738895892951e-05
3.501528874039649804e-06
1.092563495039939822e-04
-3.704074770212173191e-05
1.043456196784973088e-04
1.419314295053482051e-04
2.026272192597389286e-05
-5.000000074505805682e-05
1.245630979537963937e-04
1.003510318696498925e-05
1.968253999948501492e-04
1.374413073062896826e-04
3.086893633008002899e-05
8.837901055812836181e-05
1.336318999528884920e-04
3.292323322966694896e-06
1.034923568367958070e-04
1.221394091844558809e-04
-5.858715157955885306e-06
1.289178580045700201e-04
1.626146137714385928e-04
5.940185859799385261e-05
-2.504847571253776678e-05
1.552416086196899375e-04
5.477631464600562954e-06
2.388724684715270866e-04
1.323054879903793214e-04
3.583293408155441257e-05
1.567962579429149533e-05
1.078316122293472340e-04
-2.990580908954143391e-05
2.271936088800430287e-04
1.445128470659256094e-04
1.962090283632278410e-05
7.797956466674804525e-05
1.058727800846099914e-04
-4.483905434608459408e-05
-1.921517588198184875e-05
1.195809766650199937e-04
3.562666103243828096e-05
-2.199945040047168691e-05
1.770419627428054679e-04
-1.910125464200973408e-05
-5.000000074505805682e-05
1.517156511545181296e-04
-1.432373840361833515e-05
1.079208180308342027e-04
1.224209442734718436e-04
-4.693997278809547110e-05
3.979448974132537994e-05
1.249820664525032126e-04
1.037066616117954223e-05
1.358031630516052179e-04
1.213252469897270187e-04
-1.356422319076955286e-06
2.456777840852737314e-04
1.328897476196289052e-04
2.080699801445007414e-05
1.197258830070495556e-04
1.341081261634826532e-04
2.272437699139118325e-05
4.668919742107391379e-05
1.061040014028549229e-04
1.763042993843555342e-05
1.788501888513565198e-04
1.422314047813415434e-04
-2.382620051503181298e-05
-5.000000074505805682e-05
1.521119028329849347e-04
1.554171647876501184e-05
4.392288997769355525e-05
1.792252808809280330e-04
9.322003461420535364e-06
1.905151605606079013e-04
1.556028723716735890e-04
-4.491052031517028478e-05
1.750411652028560473e-05
1.671158224344253468e-04
1.416650507599115360e-05
1.394229233264922979e-04
1.599641889333724889e-04
5.200747027993201998e-05
-2.752818167209625231e-05
1.729778945446014459e-04
4.433381557464599620e-05
6.892137695103884028e-06
1.752422302961349591e-04
1.609236001968383870e-05
2.397849708795547503e-04
1.323234885931014973e-04
1.789954118430614545e-05
7.496745884418487202e-05
1.791062653064727842e-04
6.119634583592414943e-05
5.408293008804321229e-05
1.578817218542099123e-04
-1.392856333404779480e-05
1.868322938680648678e-04
1.527442038059234587e-04
2.222867868840694520e-05
1.154948323965072611e-04
1.491519361734390179e-04
6.995897274464369159e-06
2.463773638010024959e-04
1.514857411384582528e-04
2.102340571582317271e-05
3.568664938211441002e-05
1.059576198458671542e-04
3.569433093070983811e-05
3.329672664403915720e-05
1.770403236150741631e-04
-1.144304405897855759e-05
1.042495593428611697e-04
1.224209442734718436e-04
-4.808780178427696060e-05
3.420952707529067722e-05
1.396671980619430429e-04
3.921928629279136566e-05
2.474848181009292494e-04
1.340944319963455092e-04
-9.752037003636360236e-06
1.738984733819961669e-04
1.260329335927963209e-04
1.434074994176626283e-05
-4.434692859649658377e-05
1.074205935001373261e-04
-2.087995642796158696e-06
-4.322560131549835075e-05
1.778798103332519516e-04
-2.624947391450405069e-05
-2.505778335034847273e-05
1.088943704962730429e-04
5.269135907292365789e-05
5.330772697925567361e-05
1.729531735181808578e-04
-9.405841119587421146e-06
5.825190339237451648e-06
1.785683780908584690e-04
-4.837746918201446219e-05
2.365527115762233607e-05
1.382745355367660540e-04
-3.626883774995804039e-05
1.241178810596466043e-04
1.417648047208785902e-04
6.335152685642241857e-05
1.213169749826192827e-05
1.460695266723632737e-04
7.618152303621173151e-07
1.379311829805374243e-04
1.657653599977493395e-04
-1.952949911355972236e-05
-2.826115814968943765e-06
1.076062098145484929e-04
-3.522012010216712849e-05
2.176471352577209425e-04
1.354527473449707020e-04
-4.613318666815757545e-05
-1.430308260023593838e-05
1.369439810514450171e-04
6.248257681727409612e-05
4.263543337583541561e-05
1.372792571783065893e-04
-3.260158747434616268e-05
1.627632603049278270e-05
1.104136109352111812e-04
8.111336268484592221e-06
2.339199483394622918e-04
1.526601761579513634e-04
-4.542817175388335900e-05
-1.905365474522113643e-05
1.552834361791610783e-04
-4.827246069908142415e-05
9.904266335070133209e-06
1.362520009279251181e-04
-4.246836155652999585e-05
7.401655614376068668e-05
1.483964473009109579e-04
2.216229401528835158e-05
-5.000000074505805682e-05
1.282676011323928837e-04
6.230728700757027059e-06
2.101905196905136234e-04
1.544543206691742065e-04
1.814267411828040971e-05
1.744744330644607672e-04
1.442880332469940097e-04
5.469759926199912889e-05
-4.340135678648948572e-05
1.643187701702117798e-04
6.220077630132436481e-06
2.359645664691925094e-04
1.526032984256744333e-04
-2.287294156849384140e-05
2.596408873796462934e-05
1.766319870948791521e-04
-1.421348843723535555e-05
1.355696171522140605e-04
1.624209433794021639e-04
-1.629193872213363585e-05
8.867624402046204275e-05
1.710477769374847429e-04
-9.024070575833321404e-06
1.203699856996536259e-04
1.633003652095794684e-04
1.807633042335510414e-05
-4.998694732785225001e-05
1.176307350397109926e-04
-2.178457006812095718e-05
3.896362613886594772e-06
1.080115959048271173e-04
6.340056657791137370e-05
2.151892706751823504e-05
1.461657881736755436e-04
3.214685246348380880e-05
8.817207813262939009e-05
1.656920313835144110e-04
-8.195944130420684367e-06
1.125345230102539108e-04
1.639262586832046606e-04
4.877218045294284441e-06
3.969494253396988328e-06
1.054570674896240274e-04
-4.414150863885879755e-05
6.632402539253235297e-05
1.499194353818893535e-04
-6.268280558288097687e-06
1.426764279603958004e-04
1.630879789590835487e-04
1.615445502102375025e-05
-4.550977051258087044e-05
1.765177696943282968e-04
-1.499491510912775953e-06
1.782924830913543612e-04
1.605785936117172150e-04
-5.212870426476001780e-06
1.305695809423923463e-05
1.059002131223678566e-04
3.703574836254120074e-05
8.703587204217910474e-05
1.512195020914077739e-04
-4.752062633633613418e-05
4.190080985426902944e-05
1.490152329206466733e-04
1.916588842868804964e-05
1.383007168769836385e-04
1.549155712127685627e-04
4.443863779306412063e-05
2.922054938971996394e-05
1.752214580774307320e-04
4.914999753236770917e-05
-2.682057581841945629e-05
1.108810976147651728e-04
2.362221851944923463e-05
8.944310247898102078e-05
1.610704511404037356e-04
3.177732229232788032e-05
5.397917330265045497e-05
1.776636093854904157e-04
3.081351518630981635e-05
2.238652259111404471e-04
1.331660896539688110e-04
4.051131755113602015e-05
-2.576437778770923696e-05
1.761247068643570014e-04
1.021652109920978626e-05
1.624930948019027825e-04
1.204644516110420238e-04
5.640257522463798192e-05
2.341323494911193813e-04
1.467889249324798545e-04
1.978363469243049586e-05
1.381600648164749059e-04
1.309116929769515861e-04
1.580766774713993013e-05
1.503094434738159112e-04
1.304163932800292902e-04
-1.068498357199132458e-06
2.437674701213836750e-04
1.524233818054199089e-04
1.435237564146518631e-05
9.197212755680084879e-05
1.614842861890792853e-04
-1.411004923284053735e-05
1.211936622858047466e-04
1.624209433794021639e-04
-1.668520830571651437e-05
-2.241320721805095635e-05
1.071809157729148844e-04
-1.145096844993531785e-06
2.453121840953826813e-04
1.326460242271423364e-04
-1.215864904224872589e-05
-5.000000074505805682e-05
1.624427586793899560e-04
-2.291152253746986511e-05
2.147708386182785041e-04
1.539537608623504678e-04
-3.536807373166084317e-05
9.435273706912994005e-05
1.576204895973205562e-04
-1.045307028107345174e-06
4.288074746727943323e-05
1.791824996471405086e-04
3.682472929358482399e-05
1.917952112853527009e-05
1.768313348293304552e-04
-4.623446986079215835e-05
2.145406603813171444e-05
1.634882241487503054e-04
4.639807343482971500e-05
-2.181474864482879587e-05
1.747551113367080717e-04
-3.941481187939644060e-05
7.330825179815292228e-05
1.722869575023651119e-04
-4.660778120160103029e-05
-1.076474133878946293e-05
1.397301256656646609e-04
2.452495135366916689e-05
4.571312572807073363e-06
1.785530298948287962e-04
-1.530578546226024584e-05
2.642670087516307974e-05
1.069697141647338865e-04
4.814203828573227342e-06
2.260902076959609873e-04
1.530857831239700387e-04
1.875156909227371305e-05
9.503328055143356204e-05
1.527614444494247562e-04
-4.012867342680692253e-06
2.406638562679290754e-04
1.524588316679000846e-04
1.389919687062501854e-05
-4.123004525899886998e-05
1.787943243980407609e-04
4.932834208011627409e-05
-4.790076985955238125e-05
1.176639795303344768e-04
2.017185278236866089e-05
9.715856611728668245e-05
1.386043429374694813e-04
1.132172718644142074e-05
1.509081125259399540e-04
1.592127978801727317e-04
6.189490854740142996e-05
-8.442882448434830240e-06
1.310203671455383392e-04
-2.469505183398723657e-05
9.606235474348068714e-05
1.624209433794021639e-04
-8.144542574882507717e-06
1.818930208683013918e-04
1.583512425422668583e-04
5.557932332158088435e-05
7.090640813112259540e-05
1.694934666156768682e-04
1.250070985406637178e-05
3.622301295399665556e-05
1.793305575847625743e-04
5.770596861839294255e-05
-3.309255838394165169e-05
1.493588536977767927e-04
-4.354877769947052024e-05
6.920634955167769746e-05
1.508475989103317161e-04
1.153805875219404719e-06
6.472243368625640295e-05
1.792954057455062821e-04
1.959989033639431146e-05
1.001118645071983357e-04
1.463566869497299214e-04
1.999456062912940903e-05
1.017841547727584792e-04
1.432601958513259955e-04
1.758365519344806717e-05
4.771120101213455428e-05
1.791198104619979865e-04
2.115934900939464558e-05
-5.000000074505805682e-05
1.620172411203384350e-04
-2.783499844372272394e-05
-5.000000074505805682e-05
1.238791644573211583e-04
5.141698569059371883e-05
-4.749267548322677894e-05
1.347576975822448685e-04
-4.534971714019775298e-05
-1.958190649747848535e-05
1.436746120452880881e-04
1.961649395525455407e-05
3.460498759523033947e-06
1.058512777090072661e-04
-3.851464763283729597e-05
-4.538935050368309314e-05
1.363454163074493525e-04
2.105603553354740067e-05
1.388852000236511213e-04
1.343165338039398183e-04
1.080207433551549838e-05
9.023633599281311566e-05
1.660539805889129565e-04
-3.565166890621185482e-05
9.269791841506957802e-05
1.273289471864700294e-04
4.248809814453124962e-05
6.131964176893234925e-05
1.091520488262176470e-04
-1.374069601297378459e-05
2.422597259283065742e-04
1.487530916929244971e-04
6.050916388630867113e-05
2.368994206190109175e-04
1.441870331764221066e-04
-3.157679364085197498e-05
1.401954889297485438e-04
1.582679152488708539e-04
-3.160883113741874879e-05
2.089745551347732555e-04
1.391885429620742776e-04
3.433417156338691717e-05
2.455120533704757669e-04
1.327792555093765389e-04
3.350318968296050841e-05
7.121144793927669274e-06
1.774061322212219154e-04
1.682642288506031072e-05
2.238469570875167814e-04
1.532566845417022647e-04
-1.822112128138542067e-05
5.967691913247108400e-05
1.074087992310524052e-04
3.219309076666831905e-05
7.132146507501601848e-05
1.072364225983619724e-04
-1.369884586893021960e-06
1.430298946797847818e-05
1.791656762361526424e-04
4.396228864789009192e-05
-5.000000074505805682e-05
1.499067693948745775e-04
4.286508634686470037e-05
-4.930800572037696773e-05
1.673509180545806820e-04
9.553736075758933262e-06
2.311550527811050398e-04
1.320725828409194944e-04
1.390388049185276021e-05
-1.641754247248172866e-05
1.055434420704841575e-04
-1.592110469937324434e-05
1.017833873629570024e-04
1.224209442734718436e-04
-3.536441922187805290e-05
-2.351645752787589967e-05
1.736517399549484240e-04
9.836480021476745741e-06
1.959745436906814697e-04
1.390724778175353882e-04
-2.630203589797020086e-05
2.161160856485366865e-04
1.310194283723831253e-04
5.444385856389999487e-05
1.358626317232847141e-05
1.722713708877563431e-04
4.521827679127454514e-06
-4.329530149698257669e-05
1.780892610549926816e-04
-2.736535109579563152e-05
5.432653427124023313e-05
1.757159084081649683e-04
-2.864880487322807149e-05
3.771585226058960275e-05
1.094470992684364318e-04
-4.827160388231277276e-05
2.205768413841724548e-05
1.360226571559905874e-04
3.888782113790512383e-05
8.288469910621642730e-05
1.115911677479744019e-04
4.405004158616066261e-05
3.206404671072960052e-05
1.095158159732818599e-04
2.769057871773839190e-06
2.302392125129699789e-04
1.527988463640212900e-04
-2.575664594769477955e-05
1.311093717813491906e-04
1.225962564349174526e-04
-8.583039976656436121e-06
8.228022605180740465e-05
1.070078015327453549e-04
4.065011441707611344e-05
8.260914683341979362e-05
1.122016385197639504e-04
5.573473870754242052e-05
-4.060493409633636507e-05
1.641333252191543501e-04
7.768550887703895257e-06
-9.264704771339893192e-06
1.794202923774719104e-04
5.943482369184494268e-05
6.477918475866317315e-05
1.524033248424529966e-04
-3.166313096880912634e-05
-5.308671854436397580e-06
1.746329218149185100e-04
-2.289257571101188692e-05
2.252784818410873548e-04
1.321959346532821690e-04
-4.881519824266433892e-06
9.088896960020065351e-05
1.674518585205078246e-04
7.190970703959465115e-06
1.990380510687827958e-05
1.054224446415901161e-04
-1.184584107249975204e-05
1.044367104768753038e-04
1.624209433794021639e-04
2.823778986930847295e-05
7.477317936718463742e-06
1.067086607217788659e-04
4.335570335388183794e-05
8.018150180578232148e-05
1.115124523639678979e-04
-4.303579404950142107e-05
5.854290723800659250e-05
1.697054207324981596e-04
5.974997952580452274e-05
-6.680517457425594181e-06
1.173608899116516133e-04
9.386543184518814236e-06
1.509465128183364892e-04
1.243920996785163879e-04
1.350413355976343110e-05
4.355717450380325473e-06
1.793003976345062351e-04
4.716460127383470833e-06
2.353654056787490780e-04
1.322163939476013158e-04
2.347575873136520258e-05
1.577298343181610064e-04
1.369149684906005940e-04
1.495166588574647844e-05
2.282074093818664518e-04
1.529213190078735382e-04
4.153692349791526859e-05
2.509745657444000032e-04
1.424161195755004885e-04
5.225343164056539508e-06
4.392495006322860425e-05
1.793781965970993070e-04
4.705642536282539135e-05
4.983239993453025612e-05
1.745813190937042195e-04
3.263175487518310710e-05
-5.000000074505805682e-05
1.585142463445663352e-04
-6.962622050195932476e-06
6.176526658236980337e-06
1.787830740213394178e-04
5.777198355644941472e-06
-1.318216137588024081e-05
1.793893426656722990e-04
2.264807373285293682e-05
2.455449998378753541e-04
1.328012198209762456e-04
-9.314787574112415016e-06
1.228298842906951928e-04
1.624209433794021639e-04
3.260114043951034427e-05
-9.897543350234626877e-07
1.072986871004104646e-04
-2.490456588566303302e-05
3.048300556838512478e-05
1.762163490056991590e-04
-2.681752294301986822e-05
3.668313845992088426e-05
1.758269518613815379e-04
4.117044154554605416e-06
3.085255809128284519e-05
1.054731681942939803e-04
-2.160683833062648873e-05
-4.895390942692756707e-05
1.695410162210464467e-04
5.380119197070598955e-06
2.292647808790206987e-04
1.319924145936966059e-04
-3.233679011464119088e-05
-4.952716454863548187e-05
1.519554853439330979e-04
-4.554294794797897545e-05
3.966516256332397483e-05
1.190054863691330004e-04
1.097615342587232617e-05
1.973810344934463475e-04
1.457017362117767425e-04
-3.703983873128891176e-05
1.043680980801582403e-04
1.450059413909912003e-04
5.593727156519890010e-05
-4.023716598749160891e-05
1.326157599687576190e-04
-8.465586230158805251e-06
6.808812264353036928e-06
1.061803996562957724e-04
5.690376833081245265e-05
4.273102805018424700e-05
1.140568926930427576e-04
-3.503307700157165656e-06
2.933528646826744196e-05
1.057928353548049884e-04
-7.425223942846060023e-06
1.065133884549140974e-04
1.624434888362884407e-04
2.344085462391376447e-05
8.893372118473052957e-05
1.701849102973937878e-04
-1.363742537796497394e-05
1.507567018270492671e-04
1.624209433794021639e-04
5.073626711964607412e-05
-6.651879288256168216e-06
1.113459020853042539e-04
-3.493731468915939580e-05
2.155065387487411414e-04
1.512894332408904906e-04
-3.709666430950164605e-05
1.030300632119178722e-04
1.405654698610305832e-04
-4.788974672555923646e-05
2.319179847836494522e-05
1.532358825206756709e-04
-5.708478391170501512e-06
1.429632604122161980e-04
1.631097197532653835e-04
1.836534938775002973e-06
-5.000000074505805682e-05
1.492093503475189274e-04
-4.606389626860618927e-05
2.780702523887157337e-05
1.642030924558639552e-04
5.338115245103836146e-05
-7.160080131143331833e-06
1.727144122123718212e-04
4.283780977129936180e-05
5.327630788087844849e-05
1.092283278703689621e-04
2.041693776845932047e-05
1.076309904456138549e-04
1.377512663602828999e-04
1.738052815198898383e-05
3.698926046490669012e-05
1.791298240423202593e-04
4.182487027719616674e-07
2.509149909019470063e-04
1.484606564044952369e-04
-6.525009870529175164e-06
-5.000000074505805682e-05
1.211984530091285688e-04
-3.279829770326614591e-05
1.009908691048622088e-04
1.597026139497756858e-04
-2.222312241792678893e-05
9.000000357627868316e-05
1.644041091203689569e-04
4.196289926767349216e-06
1.262968927621841374e-04
1.623500287532806427e-04
-1.838461123406887141e-05
1.728222221136093177e-04
1.487655788660049376e-04
1.482605584897100993e-06
1.754840165376663126e-04
1.609207391738891682e-04
4.195464774966239848e-05
2.509745657444000032e-04
1.457174420356750592e-04
2.616851963102817571e-05
2.415021806955337509e-04
1.525058150291442899e-04
-8.220174931921064998e-07
1.616645604372024536e-04
1.673042476177215570e-04
1.944525353610515660e-05
1.167678162455558754e-04
1.554728001356124752e-04
-4.376962780952453505e-05
2.125378930941224308e-06
1.160046905279159577e-04
3.832980245351791203e-05
-1.179115287959575695e-05
1.765352487564086903e-04
8.886804804205894484e-06
1.532977074384689364e-04
1.225534006953239437e-04
-4.504211246967315538e-05
6.137914955615997369e-05
1.190600544214248608e-04
-2.853529900312423863e-05
2.160005718469619734e-04
1.537075191736221407e-04
4.391411691904067906e-05
4.559399932622909649e-05
1.753512173891067383e-04
-3.704969584941863759e-05
-2.727249823510646763e-05
1.729610115289688193e-04
4.246655851602554565e-05
-7.001494057476520139e-06
1.756741106510162484e-04
8.406471461057662218e-06
9.401214122772216461e-05
1.631035208702087268e-04
-3.320842981338500868e-05
7.934486865997313987e-05
1.741367876529693512e-04
6.051062047481536833e-05
6.326343398541211682e-06
1.188891455531120364e-04
-1.776361837983131490e-05
1.808612346649169896e-04
1.467497497797012440e-04
-4.065200313925743217e-05
-2.068597078323364242e-05
1.710602939128875771e-04
6.279221177101134896e-05
1.079490641131997203e-06
1.409368366003036616e-04
-1.869966089725494401e-05
1.758582144975662296e-04
1.459694951772689782e-04
1.725693978369235954e-05
1.813780963420867848e-04
1.421407759189605841e-04
1.088091079145669999e-05
-2.772384881973266715e-05
1.054798886179924059e-04
-4.237930104136466969e-05
-3.449719771742820978e-05
1.245251744985580503e-04
1.921311207115650052e-05
-5.000000074505805682e-05
1.627911180257797356e-04
3.791458904743194878e-05
-5.000000074505805682e-05
1.265988349914550848e-04
-6.249519530683755868e-06
-2.282599173486232904e-05
1.788474172353744416e-04
4.281434789299964612e-05
-1.388241071254014969e-05
1.755921393632888894e-04
-3.405341506004333583e-05
1.425719708204269522e-04
1.486561149358749394e-04
-3.232819214463233742e-05
-4.952916875481605611e-05
1.407816559076309221e-04
-4.119604080915450735e-05
-3.071847744286060328e-05
1.688426733016967795e-04
-4.480491951107978582e-05
6.265898048877715999e-05
1.475822329521179067e-04
-3.715987876057624985e-05
-4.684377089142799545e-05
1.248352006077766536e-04
6.284375488758086551e-05
1.878757961094379361e-06
1.329627633094787533e-04
-3.422228852286935036e-06
-1.976520195603370512e-05
1.790572851896286030e-04
2.727964892983436517e-05
2.049422636628151092e-05
1.065876558423042262e-04
-3.689831867814063690e-05
1.078763157129287770e-04
1.357845366001129083e-04
-2.911421470344066417e-07
6.846190989017486334e-05
1.056189537048339821e-04
-3.653090447187423896e-05
1.073633581399917656e-04
1.315701454877853279e-04
-2.376945340074598876e-07
2.509745657444000032e-04
1.391864269971847539e-04
5.390182882547378638e-05
2.339239567518234131e-04
1.425762623548507602e-04
-3.245164453983307064e-05
1.133824735879898079e-04
1.252839267253875771e-04
5.904397740960120927e-05
-2.545129321515560017e-05
1.204636245965957594e-04
4.694362357258796892e-05
-4.429745674133300711e-05
1.727189272642135553e-04
-6.957925390452146930e-06
8.862972259521484253e-06
1.787833869457244981e-04
4.467919841408729466e-05
7.976921647787093596e-05
1.118571087718009974e-04
5.791664496064185874e-05
-5.422851536422968182e-06
1.149920448660850491e-04
-4.026471171528101367e-06
9.875565022230148326e-05
1.220439299941062983e-04
5.860813334584236221e-05
2.477385848760605119e-04
1.413114666938781799e-04
9.854352101683617248e-06
-4.724153503775596575e-05
1.750282198190689044e-04
5.831238627433776546e-05
5.919540300965309306e-05
1.683824062347412007e-04
1.836073212325573108e-05
1.727365851402282843e-04
1.400997638702392533e-04
4.305827617645263818e-05
3.523270413279533511e-05
1.755506992340087862e-04
6.172522902488709092e-05
-9.744878858327865953e-06
1.355812847614288350e-04
6.032023951411247384e-05
-1.889544166624546138e-05
1.214304193854331954e-04
-5.653648637235164825e-06
1.973955333232879606e-04
1.562121063470840537e-04
1.771338656544685304e-05
-3.165771812200546297e-05
1.790903955698013288e-04
7.064722944051027488e-06
2.051049321889877376e-04
1.297584176063537674e-04
5.916637927293777227e-05
6.617257744073867386e-05
1.552894562482833995e-04
5.810360610485076644e-05
-3.143660351634025769e-05
1.327977031469345130e-04
9.696373715996742289e-06
-4.982937872409820464e-05
1.155092269182205232e-04
6.095889583230018784e-05
-1.568797975778579725e-05
1.289552897214889476e-04
6.239588186144828731e-05
2.726252377033233667e-05
1.572286039590835706e-04
-6.130517460405826426e-06
-4.490204155445098606e-05
1.766108274459838874e-04
-3.662026673555374102e-05
8.193942159414291349e-05
1.127436012029647865e-04
-6.273015402257442623e-06
1.008682101964950538e-04
1.624209433794021639e-04
-4.545808956027030983e-05
4.172127693891525025e-05
1.187912151217460679e-04
2.244897373020648791e-05
6.149188429117202368e-05
1.060762852430343576e-04
5.389918759465217411e-05
6.569977104663849267e-05
1.128523647785186802e-04
1.783725433051586129e-05
1.558495312929153475e-04
1.572684496641159053e-04
2.835986576974391851e-05
2.509745657444000032e-04
1.425308436155319294e-04
-4.270714148879051501e-05
6.896215677261352170e-05
1.700241267681121857e-04
6.253948807716369217e-05
-2.010755706578492932e-06
1.292762160301208485e-04
-2.539695426821708758e-05
1.022561788558960002e-04
1.623969078063964970e-04
6.304226815700530572e-05
3.497561812400817839e-05
1.340275704860687271e-04
-7.294500712305307348e-06
1.260388344526290941e-04
1.224209442734718436e-04
6.032971665263176046e-05
1.347805559635162290e-05
1.184978187084197984e-04
1.179226441308855912e-06
1.189480423927307106e-04
1.192870289087295479e-04
-2.935920469462871394e-05
1.541182398796081651e-04
1.543425470590591522e-04
4.600452724844217693e-06
2.368592172861099117e-04
1.525763124227523797e-04
4.616560786962509448e-05
2.455239146947860466e-04
1.344287693500518675e-04
6.083273887634277593e-05
5.651128664612770010e-05
1.408028602600097776e-04
4.154274240136146573e-05
1.173567958176136030e-05
1.089428514242172234e-04
5.311472713947296218e-05
-9.239702485501766476e-06
1.120219379663467402e-04
6.304816901683807893e-05
3.196388483047485270e-05
1.331159025430679263e-04
-3.884908929467201217e-05
8.710807561874389887e-05
1.576878875494003177e-04
-3.355614468455314506e-05
5.205684527754783723e-05
1.741534024477004881e-04
3.645448014140128818e-05
7.031968235969542882e-05
1.079347953200340333e-04
-4.244334250688553111e-05
-1.018301211297512006e-05
1.703012734651565606e-04
5.570780951529741314e-06
1.889549791812896742e-04
1.269042193889617805e-04
-4.599113762378692643e-05
-1.525984238833189124e-05
1.592675298452377443e-04
1.434506289660930655e-05
-4.267844185233115868e-05
1.782810837030410764e-04
-2.542260289192199867e-05
5.983514711260795593e-05
1.087324172258377023e-04
2.973351394757628468e-06
2.303887754678726318e-04
1.320483982563018857e-04
5.907363072037696963e-05
6.665400415658950383e-05
1.343433409929275634e-04
-8.465766906738281887e-06
-5.000000074505805682e-05
1.382829248905181917e-04
-2.606788836419582432e-05
9.618259966373443495e-05
1.623789370059967147e-04
2.834798302501440045e-06
-5.000000074505805682e-05
1.300756633281707699e-04
1.976298401132226136e-06
-2.463966794312000258e-05
1.055336818099021911e-04
1.985974796116351930e-05
1.441322416067123335e-04
1.468010544776916510e-04
-6.206641439348459271e-06
6.123595312237740181e-05
1.059883087873458879e-04
1.740263216197490795e-05
2.278943173587322268e-05
1.791246235370636041e-04
-4.732329025864601059e-05
4.429375752806663296e-05
1.365377008914947423e-04
-1.818409562110900995e-05
4.699979722499847510e-05
1.073996797204017692e-04
-3.337331488728523303e-05
8.891303092241287177e-05
1.657310426235199100e-04
1.130597200244665076e-06
3.983768448233604339e-05
1.055411323904991149e-04
-2.620588429272174776e-05
5.390381813049316374e-05
1.088928505778312725e-04
5.158339068293571358e-05
-7.235107477754354308e-06
1.732971370220184242e-04
-3.238734975457191641e-05
1.278114467859268316e-04
1.590025424957275326e-04
4.250916466116905418e-05
2.423960864543914717e-04
1.518122851848602403e-04
-9.367642924189567837e-06
2.220793254673480925e-05
1.785723119974136331e-04
1.979816518723964558e-05
1.069895625114440966e-04
1.359264701604843018e-04
-2.367167733609676402e-05
5.011998116970062093e-05
1.764680147171020404e-04
-4.060545191168784835e-05
8.126631379127501845e-05
1.489271372556686421e-04
4.064954351633787474e-06
-5.000000074505805682e-05
1.356752067804336550e-04
5.620722845196724247e-05
-3.137104213237762587e-05
1.161492243409156788e-04
-9.338509291410445449e-06
-5.000000074505805682e-05
1.537670940160751375e-04
6.200763210654258229e-05
1.188309211283922157e-05
1.596672236919402976e-04
-9.911979548633097898e-06
3.190974891185760699e-05
1.785252094268798798e-04
-1.339490897953510367e-05
4.563584551215171982e-05
1.781069934368133679e-04
-2.923848479986190696e-05
1.551811248064041205e-04
1.318839043378829915e-04
4.279033455532044418e-07
1.173815280199050955e-04
1.187414228916168192e-04
6.342083960771560008e-05
1.694374531507491946e-05
1.458798646926879933e-04
-9.234606288373470808e-06
2.359594702720642053e-04
1.525667607784271290e-04
-3.723745420575141592e-05
2.114522308111190722e-04
1.374255418777465783e-04
1.285857800394296615e-05
1.279465109109878442e-04
1.266518980264663718e-04
-7.707810029387474358e-06
1.658366769552230952e-04
1.235127002000808787e-04
-1.285005267709493564e-05
1.241868957877159023e-04
1.224209442734718436e-04
-2.741746418178081366e-05
7.248624414205551375e-05
1.757058352231979351e-04
4.604549705982208474e-05
-4.983245208859443843e-05
1.443250924348831235e-04
-3.956173732876777362e-05
-4.381143674254417295e-05
1.351916491985321179e-04
4.147697240114211819e-05
8.438676595687866753e-05
1.151132658123970031e-04
2.230696007609367471e-05
8.071205765008926077e-05
1.783393472433090186e-04
-3.505443409085273428e-05
1.170302107930183444e-04
1.562168598175048837e-04
-6.559471134096384035e-06
2.453479617834091343e-04
1.337741613388061628e-04
1.910275407135486554e-05
1.485328525304794190e-04
1.394241750240325921e-04
1.561862067319452724e-06
1.220934092998504530e-04
1.640388071537017902e-04
-4.801665619015693513e-05
2.785742469131946629e-05
1.518920660018920911e-04
-3.371281921863556038e-05
7.719182968139648904e-05
1.107120513916015658e-04
6.311555206775665706e-05
3.316077217459678666e-05
1.510223001241683884e-04
7.803692482411861271e-06
9.269463270902634285e-05
1.204704791307449299e-04
-4.238171875476836936e-05
-1.595549099147319918e-05
1.148512959480285639e-04
3.446694463491439684e-05
5.074703320860862689e-05
1.772497892379760629e-04
2.116466686129569915e-05
-5.000000074505805682e-05
1.422964185476303185e-04
4.426120221614837587e-05
7.793791592121123997e-05
1.106454879045486400e-04
1.191664996440522416e-07
2.509745657444000032e-04
1.421057581901550367e-04
2.144797146320342917e-05
1.096267104148864743e-04
1.416066884994506881e-04
7.135839201509952525e-06
8.128830790519714605e-05
1.789052337408065857e-04
1.562598906457424017e-05
2.011048793792724620e-04
1.390963047742843530e-04
-1.643843948841094916e-05
6.480953842401504473e-05
1.071210056543350254e-04
-1.177490502595901539e-05
8.374561369419098377e-05
1.768087595701217575e-04
8.437624201178550652e-06
6.625895947217941588e-05
1.794092953205108601e-04
-2.072389423847198578e-05
-5.000000074505805682e-05
1.489628106355667168e-04
-3.764062002301215871e-05
-9.751866571605204763e-06
1.118780896067619266e-04
-3.539979085326194498e-05
-2.703973464667797043e-05
1.112244725227355978e-04
1.528213731944560978e-05
7.351556420326233322e-05
1.792355626821517955e-04
8.956214413046837097e-06
1.744799911975860663e-04
1.586103737354278603e-04
1.648074761033058101e-05
2.020029872655868637e-04
1.519626080989837716e-04
2.758316462859511565e-06
5.383718386292457315e-05
1.054982990026474013e-04
-4.131824895739555153e-05
2.778757596388459365e-06
1.136572808027267465e-04
5.820816010236740118e-05
7.067789137363434261e-05
1.379056870937347338e-04
4.152703285217284977e-05
8.568378537893294876e-05
1.274573951959610081e-04
1.212815195322036819e-05
-1.225954852998256697e-05
1.055012270808219926e-04
-6.826995406299829849e-06
1.868643611669540286e-04
1.267090141773223979e-04
5.592670664191245783e-05
3.411984443664550993e-05
1.714557707309722798e-04
2.845768816769122996e-05
2.230732440948486194e-04
1.532409787178039479e-04
2.159855887293815767e-05
2.172062397003173819e-04
1.537266373634338390e-04
5.598219111561775045e-05
7.575037330389022578e-05
1.602073907852172752e-04
3.459684178233146754e-05
7.308367639780044556e-05
1.076163202524185183e-04
6.170067470520735065e-06
1.471889168024063184e-04
1.611359715461730964e-04
5.575245991349220238e-05
-4.092596098780631781e-05
1.457565575838089093e-04
2.958528464660048356e-06
-1.195006258785724569e-05
1.793396621942520270e-04
3.124640788882970708e-06
1.332773119211196891e-04
1.651199162006378206e-04
-2.388217672705650449e-05
8.338444679975509850e-05
1.097634062170982339e-04
1.325825881212949764e-05
2.112448811531066962e-04
1.305070519447326704e-04
1.182642672210931820e-05
1.059472411870956391e-04
1.594571173191070674e-04
1.353302691131830287e-05
7.405639439821243655e-05
1.055328622460365251e-04
2.244185097515583114e-05
1.960277184844016926e-05
1.060850247740745543e-04
6.117619108408689113e-06
1.188354417681694055e-04
1.647061556577682554e-04
-2.720396779477596326e-05
5.905306339263915902e-05
1.757489144802093430e-04
6.050916388630867113e-05
2.357597202062606677e-04
1.489865183830261337e-04
1.437335740774869885e-05
5.605968087911606155e-05
1.055644750595092758e-04
4.888724535703658949e-05
5.232355743646621552e-05
1.108362451195716881e-04
-4.068204201757907888e-06
-7.389986887574195957e-06
1.058326885104179352e-04
1.886623352766036982e-05
1.136194691061973526e-04
1.296675503253936850e-04
-3.842312470078468626e-05
-4.549671709537506364e-05
1.471462398767471179e-04
2.843533828854560809e-05
7.359202206134795666e-05
1.781220734119415240e-04
1.501399185508489594e-05
2.203161567449569622e-04
1.534808427095413100e-04
-2.098638750612735705e-05
9.000000357627868316e-05
1.646882593631744305e-04
-3.639719262719154537e-05
1.170000657439231886e-04
1.324616372585296685e-04
-4.723730683326721067e-05
4.511682689189910937e-05
1.455560028553009027e-04
2.487052418291568835e-05
-7.133136969059705768e-06
1.063087433576583864e-04
5.379425734281539939e-05
2.484071701765060473e-04
1.397740840911865224e-04
-9.353901259601115503e-06
1.458860933780670166e-04
1.624209433794021639e-04
2.363758347928524042e-05
6.993222981691360799e-05
1.061918139457702676e-04
-6.881191395223140337e-06
1.074082851409912076e-04
1.220155060291290301e-04
2.532686851918697360e-05
6.430873647332191427e-06
1.063537672162055946e-04
2.235495857894420767e-05
1.394488662481307864e-04
1.425220966339111207e-04
2.426609164103865701e-06
8.962857723236084429e-05
1.147172898054122861e-04
2.331568393856287053e-06
1.755166053771972559e-04
1.607962995767593379e-04
1.159455906599760065e-05
5.251686275005340885e-05
1.793490350246429422e-04
1.787113025784492452e-05
7.653384655714035424e-05
1.057347804307937620e-04
2.688381262123584864e-05
2.362638264894485599e-04
1.322337538003921613e-04
2.487118914723396374e-05
4.026098921895027448e-05
1.063107699155807560e-04
-7.921682670712471523e-06
1.592376828193664583e-04
1.664015799760818577e-04
-2.137417346239090055e-05
1.436948925256728994e-04
1.224209442734718436e-04
1.429639570415020066e-05
-2.446540072560310480e-05
1.792760044336318972e-04
-2.351083606481552059e-05
1.465161740779876657e-04
1.228306517004966697e-04
5.903301015496253924e-05
-2.686333097517490316e-05
1.594612598419189336e-04
6.122725456953048294e-05
2.355425152927637137e-06
1.636110693216323944e-04
-4.081790894269943297e-05
-1.532601844519376915e-05
1.713452935218811105e-04
-1.355846598744392345e-05
-5.000000074505805682e-05
1.591493040323257405e-04
-2.844470739364624102e-05
2.287075519561767591e-04
1.454936861991882214e-04
5.642281100153922964e-05
-3.842122107744217065e-05
1.220588907599449199e-04
1.805806765332818104e-06
3.842237591743469195e-05
1.793231368064880443e-04
4.100853577256202860e-05
2.089500725269317633e-04
1.474209427833557190e-04
6.159381195902824304e-05
5.093054473400116081e-05
1.460065096616745015e-04
7.950317114591598267e-06
1.767352074384689301e-04
1.260630935430526601e-04
2.775258198380470292e-05
-5.000000074505805682e-05
1.541244387626647947e-04
2.850571274757385408e-05
-2.211685851216316079e-05
1.067442595958709698e-04
-2.732440084218978784e-05
1.589788347482681157e-04
1.348231583833694417e-04
5.946297198534011597e-05
-2.907159505411982689e-06
1.679509580135345398e-04
-9.095217101275921681e-06
8.996551483869553024e-05
1.172488853335380615e-04
1.556519139558076802e-05
3.721748292446136545e-05
1.792246997356414901e-04
2.436186186969280107e-05
9.106145054101943742e-05
1.383677870035171498e-04
6.245317310094833613e-05
-3.081766190007328784e-06
1.336758285760879597e-04
7.535158656537532434e-06
1.040287837386131257e-04
1.232791170477867020e-04
3.111202269792556654e-05
7.758330553770065524e-05
1.071730330586433458e-04
5.941091105341911614e-06
1.708845198154449461e-04
1.242801025509834346e-04
3.266688063740730481e-05
8.804222941398620248e-05
1.307190507650375253e-04
6.004113331437110852e-05
-2.139988727867603446e-05
1.571306884288787718e-04
5.146458745002746609e-05
3.009726665914058639e-05
1.733082532882690495e-04
-4.126809164881706053e-05
1.687025651335716180e-05
1.136338561773300162e-04
-1.598954387009143813e-05
-4.471265524625778025e-05
1.092134639620780931e-04
5.432541947811841999e-06
-1.542089320719242180e-05
1.054453477263450639e-04
2.256456064060330332e-07
-2.726854011416435185e-05
1.792498528957367065e-04
6.104498729109763806e-05
4.382533207535743426e-05
1.643262803554534912e-04
1.612468995153904037e-05
2.389731705188751333e-04
1.323023140430450357e-04
-6.728869862854481130e-06
1.211700290441513006e-04
1.636734604835510330e-04
4.259184002876281684e-05
-5.000000074505805682e-05
1.592378765344619636e-04
-3.190696239471435222e-05
-4.962736368179321511e-05
1.500432491302490230e-04
6.238316372036933585e-05
4.373722895979881135e-05
1.400018185377120878e-04
1.276698336005210830e-05
1.985675692558288609e-04
1.504086554050445678e-04
2.062511397525668114e-06
-4.929452016949653940e-05
1.713613569736480711e-04
2.752272412180900506e-05
7.125882897526026030e-06
1.782401800155639527e-04
5.256003141403198454e-05
-4.485450685024261800e-05
1.678512394428253248e-04
4.116339236497879007e-05
-5.000000074505805682e-05
1.409910023212432740e-04
1.644382998347282399e-05
1.534895449876785280e-04
1.566225886344909551e-04
6.310619413852691162e-05
6.055501755326986475e-06
1.491249948740005550e-04
1.186113338917493827e-05
3.462963551282882734e-05
1.793455630540847731e-04
-2.604821510612964714e-05
6.877893954515456524e-05
1.088584661483764707e-04
-9.151256643235683007e-06
1.786530166864395009e-04
1.264655590057372917e-04
-6.134241819381713535e-06
1.671323180198669358e-04
1.613921672105789087e-04
4.102094843983650495e-05
8.061207830905914090e-05
1.740829050540923983e-04
2.322028763592243284e-05
-3.144347667694091748e-05
1.786780655384063662e-04
4.526113346219062545e-05
2.332039028406143321e-04
1.462692022323608268e-04
-3.660353273153304940e-05
1.159150898456573530e-04
1.484226286411285424e-04
-1.830858923494815856e-05
-5.000000074505805682e-05
1.367308795452117825e-04
-3.587818145751953336e-05
-4.787496849894523599e-05
1.455920189619064244e-04
3.982958942651748988e-05
4.944259300827980204e-05
1.762580573558807247e-04
2.759531885385513268e-05
8.897068351507186369e-05
1.596748828887939507e-04
-1.588390395045280413e-05
9.251714497804642255e-05
1.224209442734718436e-04
4.471757262945174889e-05
-2.926434949040412881e-05
1.751471906900405897e-04
6.010006368160247570e-05
-2.104964479804038833e-05
1.260625272989273141e-04
6.127651408314705144e-05
4.955448582768440431e-05
1.214549690485000600e-04
-4.390269517898559896e-05
4.158208519220352086e-05
1.686827540397644069e-04
-4.827750101685523998e-05
1.023187208920717166e-05
1.385991424322128261e-04
6.551167927682399675e-06
2.044048160314559937e-04
1.551752537488937410e-04
2.400805475190281729e-06
-9.983746334910393086e-06
1.055198982357978793e-04
-3.271660581231117427e-05
-4.943862557411193821e-05
1.457443088293075648e-04
2.716576121747493671e-05
2.630250528454780443e-05
1.782817095518112100e-04
5.642921105027199003e-05
-3.840247541666030634e-05
1.538992226123809875e-04
-5.568860564380884293e-06
8.883503079414368261e-05
1.719308346509933552e-04
5.220702290534973275e-05
-3.988249227404594421e-05
1.132707074284553520e-04
4.282099008560180843e-05
3.815471380949020207e-05
1.092237904667854326e-04
-4.396446794271468889e-05
-2.555866166949272028e-05
1.203013658523559504e-04
2.162467222660780085e-06
-3.524610539898276221e-06
1.793271005153656021e-04
6.293468922376632029e-05
3.655384108424186614e-05
1.346535980701446642e-04
-4.479355737566947970e-05
2.920245751738548414e-05
1.673803925514221272e-04
2.521393820643424839e-05
3.838297212496400062e-06
1.063426584005355813e-04
6.120508536696434617e-05
3.795097023248672643e-05
1.637032032012939408e-04
-4.630953073501587212e-05
-1.311425957828760121e-05
1.567588150501251349e-04
-1.972885988652706252e-05
9.530303627252578714e-05
1.224209442734718436e-04
1.207434665411710717e-05
1.812431514263153202e-04
1.549479067325592132e-04
6.293737888336181565e-05
3.652353212237357844e-05
1.344421952962875490e-04
5.235431343317032164e-05
2.337949872016906790e-04
1.421989500522613449e-04
5.746162310242652584e-05
2.478978186845779363e-04
1.441746801137924110e-04
-2.950299531221389635e-05
-1.025775820016860896e-05
1.752035617828369071e-04
5.712982639670372112e-05
-3.548870235681533618e-05
1.464391350746154722e-04
-3.779234830290079235e-06
1.837770491838455126e-04
1.595115363597869997e-04
4.555913433432579003e-05
2.624921128153800983e-05
1.099154204130172726e-04
-2.708481438457966016e-05
1.308686286211013751e-04
1.619113683700561539e-04
-9.824038483202457211e-06
2.252859249711036666e-05
1.063153967261314396e-04
1.350080501288175659e-05
1.589878946542739777e-04
1.216711550951003989e-04
-2.771149016916751935e-05
2.089745551347732555e-04
1.409575790166854949e-04
4.873413592576980347e-05
1.434964686632156438e-05
1.741071939468383852e-04
3.579153493046760765e-05
6.779043376445770177e-05
1.078210100531578063e-04
2.259190194308757687e-05
1.352298557758331208e-04
1.372255682945251417e-04
-1.945495791733264826e-05
8.782097697257995313e-05
1.719769537448883039e-04
5.372453108429908568e-05
4.748973995447158922e-05
1.122712492942810018e-04
-1.882154121994972112e-05
-5.000000074505805682e-05
1.230657473206520048e-04
-2.854832448065280975e-06
6.848913431167602637e-05
1.057507097721099913e-04
1.000310061499476428e-06
1.408839076757430924e-04
1.202504932880401581e-04
5.319399759173393493e-05
-4.318888764828443710e-06
1.120522171258926409e-04
6.105953454971314105e-05
5.268495157361030584e-05
1.207080259919166509e-04
-3.257669042795896608e-06
1.690093986690044327e-05
1.790662556886673108e-04
3.464039042592048921e-05
3.582980483770370402e-05
1.772210150957107629e-04
1.506498665548861069e-06
1.673263013362884450e-04
1.621171981096267731e-04
6.205471977591515227e-05
-7.124863099306821843e-06
1.401742398738860978e-04
-1.840810058638453495e-06
4.484036192297935632e-05
1.056940630078315722e-04
-1.692122966051101614e-05
1.723449677228927612e-04
1.520773321390151854e-04
3.486534347757696983e-06
-4.711960256099700971e-05
1.751365065574645927e-04
1.191747654229402511e-05
1.294097006320953439e-04
1.253820359706878541e-04
-4.743449017405510008e-05
-2.929837442934513207e-06
1.346318423748016325e-04
-3.185922279953956767e-05
1.418424546718597475e-04
1.274293661117553624e-04
6.301376223564148177e-05
2.062532305717468340e-05
1.326780170202255128e-04
-1.965894736349582504e-05
8.485314995050430656e-05
1.098805963993072576e-04
-4.252542927861213885e-05
2.040684456005692641e-06
1.702203154563903728e-04
-3.483204171061516052e-05
1.027562767267227169e-04
1.573769003152847323e-04
4.661557823419570711e-05
1.981498003005981471e-04
1.385311931371688884e-04
1.823129787226207668e-08
9.692112356424331253e-05
1.634832769632339430e-04
1.478393282741308250e-05
1.319860666990280075e-04
1.586876958608627404e-04
-3.404184430837631399e-05
1.426231414079666144e-04
1.488485932350158616e-04
5.679771304130554362e-06
1.153283715248107848e-04
1.195968613028526323e-04
-2.199895866215229140e-05
2.123240530490875112e-04
1.311221718788146843e-04
1.985218748450279217e-05
2.063459157943725499e-04
1.301848143339157148e-04
4.049289226531982107e-05
2.290663719177246096e-04
1.374209374189376900e-04
3.371375054121017586e-05
-3.343026712536812051e-05
1.773699074983596915e-04
-4.303827136754989472e-05
7.157327234745025667e-05
1.301939487457275341e-04
2.247423678636550757e-05
2.467372566461563323e-04
1.335960626602172787e-04
2.942273579537868375e-05
-4.748502001166343862e-05
1.732317954301833989e-04
-3.603342548012733248e-05
1.283576041460037366e-04
1.384220272302627466e-04
-2.189189009368419758e-05
3.902122005820274386e-05
1.768306791782379278e-04
5.451094731688499554e-05
1.085261534899473120e-05
1.722383201122284048e-04
2.147618681192398166e-05
2.452503144741058523e-04
1.326047629117965687e-04
6.197287142276764046e-05
4.785985499620437340e-05
1.472105681896209719e-04
-4.664715752005577163e-05
5.032268911600113002e-05
1.371067464351653981e-04
-1.126083638519048669e-05
-2.955795451998710724e-05
1.064766049385070852e-04
1.956135407090187162e-05
9.898886084556579210e-05
1.471980363130569408e-04
5.977417901158332830e-05
-2.298620715737342872e-05
1.544731110334396276e-04
1.206889841705560629e-05
1.309859603643417285e-04
1.602302491664886594e-04
-8.949001319706439470e-06
7.868645340204239033e-05
1.785505861043929952e-04
-9.713845327496528869e-06
8.093621581792831963e-05
1.781319826841354457e-04
1.623519696295261370e-05
2.151009440422058149e-04
1.539246588945388905e-04
5.879835411906242409e-05
5.836769938468932780e-05
1.677772104740142783e-04
3.257761523127555538e-05
-4.973223432898521586e-05
1.170269623398780879e-04
-3.596770018339156882e-05
1.291750222444534402e-04
1.438307315111160144e-04
-8.499992545694112896e-07
2.206578105688094995e-04
1.535047590732574560e-04
3.739889711141586493e-05
2.253986336290836220e-05
1.767254769802093439e-04
-1.798961497843265639e-05
-4.940480738878250274e-05
1.158345565199851951e-04
-2.660663425922393709e-05
1.461353600025176876e-04
1.609359234571457024e-04
2.500624768435955124e-05
-5.000000074505805682e-05
1.258070766925811833e-04
2.451439574360847606e-05
9.103092551231384234e-05
1.391300857067108031e-04
-7.650713436305522566e-06
1.504054814577102551e-04
1.224209442734718436e-04
-2.579721622169017724e-05
7.807495445013046015e-05
1.760292649269103974e-04
-1.176294963806867524e-05
4.057784099131822417e-06
1.065190434455871626e-04
-2.235233224928378891e-05
1.136284619569778422e-04
1.224209442734718436e-04
4.106540977954864600e-05
2.317107021808624350e-04
1.452845782041549654e-04
4.613904282450675802e-05
-4.900626465678215114e-05
1.671546101570129468e-04
-3.249134123325347721e-05
2.043629065155982903e-05
1.744144260883331420e-04
2.584396675229072533e-05
2.466655820608139055e-04
1.512936055660247777e-04
5.094942823052406241e-05
5.950697511434554772e-05
1.113897338509559689e-04
-1.419348362833261548e-05
1.552236229181289584e-04
1.224209442734718436e-04
-1.273315586149692478e-05
5.435290187597274477e-05
1.781893521547317375e-04
-3.774260729551315205e-05
2.150616049766540657e-04
1.476756632328033380e-04
1.649991795420646502e-05
1.180219128727912889e-04
1.587502509355545176e-04
5.529626086354255964e-05
2.577169798314571516e-05
1.130077466368675234e-04
1.396934594959020573e-05
-3.635094268247485344e-06
1.055462360382080039e-04
2.005791850388050234e-05
1.091416031122207595e-04
1.351337879896163832e-04
5.690357834100723305e-05
7.408683747053146232e-05
1.406412720680236793e-04
6.101065129041671932e-05
-1.037693861871957802e-05
1.203231811523437561e-04
-1.644085906445980183e-05
1.782144755125045872e-04
1.336326301097869767e-04
-3.720765933394431905e-05
1.011975705623626695e-04
1.377683728933334255e-04
5.986990779638290454e-05
6.252085417509078416e-05
1.557471752166747990e-04
-2.277499297633767094e-06
-5.000000074505805682e-05
1.670132279396057025e-04
6.191645562648773237e-05
1.295602601021528214e-05
1.246869713068008507e-04
-2.739997580647468567e-05
2.593742217868566621e-06
1.091613322496414216e-04
3.804983571171760288e-05
2.640590444207191448e-05
1.082308739423751861e-04
-2.268635481595993085e-05
-5.076889414340257767e-06
1.766712516546249440e-04
1.211483124643564142e-05
-9.559281170368195258e-06
1.793330758810043326e-04
1.941639743745327026e-05
-4.049464315176010251e-05
1.061288863420486496e-04
6.161069124937057040e-05
-1.089139003306627204e-05
1.233966425061225878e-04
5.603783298283815126e-06
-1.253191614523530093e-06
1.054446622729301428e-04
2.842420898377895244e-05
-3.795270994305610342e-05
1.067351102828979537e-04
6.291764974594116710e-05
4.907720722258090973e-06
1.530214101076126211e-04
-6.781012285500764555e-06
5.131836608052253674e-05
1.060362234711647087e-04
-2.672366099432110871e-06
-4.954122751951217424e-05
1.702015548944473184e-04
-2.713581547141075188e-05
-5.000000074505805682e-05
1.620341539382934553e-04
4.781696572899818507e-05
-4.940898716449737473e-05
1.383340805768966571e-04
5.339022353291511433e-05
7.901351153850554834e-05
1.214866414666175847e-04
4.633851349353790148e-05
3.322293981909751946e-05
1.101309284567832889e-04
1.255228370428085352e-05
-2.868079394102096560e-05
1.793190985918045020e-04
-3.153990488499403013e-06
7.599734514951706464e-05
1.057675257325172455e-04
2.180534228682518089e-05
1.205810979008674561e-04
1.451245397329330449e-04
-4.679752886295318598e-05
5.302857141941786226e-06
1.606713980436325127e-04
5.936386808753013681e-05
-2.464476786553859578e-05
1.214528530836105362e-04
-5.631644278764724535e-06
3.038606606423854909e-05
1.059314683079719499e-04
-1.398375816643238059e-05
9.837375581264496153e-05
1.624209433794021639e-04
-1.856473647058010137e-05
9.600768983364104693e-05
1.224209442734718436e-04
-3.253414481878280379e-05
7.180743664503097632e-05
1.744451820850372210e-04
1.958525925874709972e-05
2.374137490987777576e-04
1.526116281747818106e-04
-1.276606600731611321e-05
1.104757785797119208e-04
1.224209442734718436e-04
-3.704590722918510247e-05
1.033279597759246789e-04
1.508308798074722281e-04
3.746891766786575610e-05
2.170955017209053145e-05
1.081171855330467253e-04
1.528756786137819445e-05
2.508459091186523494e-04
1.363351643085479838e-04
-4.043816775083542044e-05
2.743542008101940239e-05
1.717395633459091095e-04
5.857838690280914166e-05
6.922467797994613713e-05
1.532246619462966945e-04
5.910847708582877999e-05
2.476690858602523964e-04
1.381247490644455021e-04
6.050916388630867113e-05
2.430769950151443360e-04
1.404324322938919130e-04
4.238343983888626381e-05
8.539073914289473826e-05
1.261571943759918157e-04
1.539571210741996806e-05
1.718519777059554943e-04
1.530908644199371459e-04
4.992194101214408690e-05
5.253574252128601123e-05
1.737769246101379358e-04
2.756702713668346310e-05
7.809939980506897363e-05
1.781360805034637484e-04
-1.622330583631992324e-05
1.014885604381561302e-04
1.624209433794021639e-04
6.221777573227881832e-05
-2.276328450534492657e-08
1.264759004116058417e-04
8.429542183876037638e-06
2.107412815093994167e-04
1.543863713741302417e-04
2.649761922657489679e-05
1.234909985214471892e-05
1.064901575446128859e-04
1.550073456019163156e-05
1.891930401325225928e-04
1.468228846788406400e-04
-2.876593917608261024e-05
1.548212915658950717e-04
1.299641132354736417e-04
-1.264820620417594858e-05
-5.000000074505805682e-05
1.428641527891158925e-04
-4.773794487118721269e-05
3.917723894119262506e-05
1.317467987537384124e-04
3.677808865904807920e-05
-1.292291935533285217e-05
1.768303960561752413e-04
-1.666207611560821536e-05
-1.411348488181829413e-05
1.071752607822418191e-04
1.091821771115064598e-05
1.834901720285415515e-04
1.556158959865570088e-04
5.374091491103172508e-05
5.784004181623458602e-05
1.724787652492523098e-04
-2.974322624504566049e-05
1.527323871850967425e-04
1.298268437385558969e-04
3.965008258819579845e-05
-2.651824615895748138e-05
1.762887835502624642e-04
2.208223566412925625e-05
2.003704197704792077e-05
1.060530617833137446e-04
4.109963402152061522e-05
2.291139662265777516e-04
1.374209374189376900e-04
6.280606240034103318e-05
3.856401517987251477e-05
1.349062472581863501e-04
-1.879281364381313419e-05
1.664531826972961482e-04
1.502173691987991253e-04
-3.750879690051079062e-05
9.758204221725463705e-05
1.376901566982269222e-04
-1.334625016897916764e-05
1.535455435514450047e-04
1.224209442734718436e-04
-3.489685431122779803e-05
1.382234394550323491e-04
1.414083838462829501e-04
-3.411724790930748154e-05
1.084185540676116876e-04
1.267793476581573491e-04
-4.684315249323844677e-05
4.809278994798660089e-05
1.244499385356903002e-04
-7.213166449218988066e-06
3.952873870730400411e-05
1.060713306069374103e-04
-4.794502258300781337e-05
1.763516850769519673e-05
1.527059674263000621e-04
-4.170490056276321606e-05
7.725096493959427270e-05
1.669907420873641862e-04
-1.795313879847526556e-05
2.295337468385696381e-04
1.526474356651306031e-04
-8.593000820837915215e-07
6.844186037778854956e-05
1.791919320821762113e-04
2.977348119020461966e-05
5.324534326791763344e-05
1.068884134292602517e-04
4.181854799389839221e-05
9.299113415181636580e-06
1.090022549033164967e-04
4.225359484553336864e-05
2.171071022748947098e-04
1.374209374189376900e-04
8.600695058703422058e-06
2.509745657444000032e-04
1.463728249073028664e-04
-1.188562531024217676e-05
8.312903344631194635e-05
1.770846992731094289e-04
-4.110245779156684865e-05
-2.394014783203601881e-05
1.703040003776550211e-04
-3.271757438778877519e-05
5.792478844523429535e-05
1.743805557489395107e-04
4.164394363760947932e-05
2.325958907604217408e-04
1.338628381490707369e-04
-1.046274788677692495e-05
1.814976930618286037e-04
1.570702195167541517e-04
3.064462170004844351e-05
8.842103183269500787e-05
1.371021866798401005e-04
5.183206498622894401e-05
-1.502946577966213191e-05
1.732209026813506998e-04
4.713191092014312820e-05
7.805940508842468359e-05
1.119835525751113883e-04
6.170099973678589160e-05
3.861556574702262976e-05
1.235169768333435169e-04
1.030367892235517500e-05
1.807136982679367063e-04
1.566306948661804334e-04
3.376095322892069617e-06
1.770168095827102787e-04
1.244572326540946839e-04
-3.117599338293075632e-05
2.380888536572456487e-05
1.747630089521408207e-04
-1.012353692203760195e-05
-4.899879172444343876e-05
1.711617708206176721e-04
-3.701549768447876291e-05
8.696882426738738873e-05
1.180309355258941586e-04
-2.940162830054760131e-05
1.525918096303939943e-04
1.558076739311218129e-04
-3.967523202300071559e-05
3.942296653985977487e-05
1.721579134464263933e-04
2.093154378235340167e-05
1.423616111278534020e-04
1.395341455936431759e-04
-2.143736183643340980e-05
1.406007558107376203e-04
1.224209442734718436e-04
3.884884342551231102e-05
4.894602298736572249e-05
1.764485687017440919e-04
-1.013391558080911705e-05
2.348890155553817782e-04
1.526063084602356074e-04
-4.368508979678154143e-05
6.854350864887238156e-05
1.446205079555511371e-04
-4.454979673027992547e-05
-2.405346557497978167e-05
1.405020356178283795e-04
4.339636862277984543e-05
3.060857765376567759e-05
1.093572154641151404e-04
-4.714929684996604795e-05
2.753475680947303880e-05
1.265192776918411331e-04
-1.073512155562639217e-05
1.198264360427856470e-04
1.219875663518905657e-04
-1.635653153061866676e-05
7.037635147571564328e-05
1.777316331863403379e-04
2.058679424226283862e-05
1.078454684466123535e-05
1.789028793573379389e-04
1.387976575642824159e-05
-9.575106203556059951e-06
1.792887896299362211e-04
5.085361376404762442e-05
8.128745853900909988e-05
1.555302590131759754e-04
1.432404387742281028e-05
1.577800959348678485e-04
1.620843708515167338e-04
-2.560410089790821029e-05
8.952340483665466764e-05
1.177638098597526549e-04
7.331693079322576855e-06
1.508690714836120612e-04
1.234196722507476820e-04
5.202624946832657050e-05
4.524167254567145981e-05
1.117097064852714590e-04
2.322101220488548222e-05
2.503887712955474927e-04
1.488114595413207904e-04
-2.009814977645873869e-05
2.299363613128662114e-04
1.520496755838394076e-04
-1.088088471442461053e-05
2.040047645568847693e-04
1.551641970872879033e-04
-4.434512555599212679e-05
6.528941541910171053e-05
1.331365853548049992e-04
-4.406424984335899071e-05
-2.671656012535095055e-05
1.332211196422576800e-04
5.569170787930488890e-05
-2.016157284379005481e-05
1.137547343969345096e-04
-6.000870373100042641e-06
-2.025416865944862328e-05
1.059583052992820753e-04
3.700408712029457369e-05
-5.000000074505805682e-05
1.485306322574615442e-04
-1.499868277460336661e-05
1.959745436906814697e-04
1.366022974252700860e-04
3.922801930457353707e-06
1.473551988601684592e-04
1.230630949139595017e-04
8.894309401512145156e-06
7.695552706718445030e-05
1.793992817401885874e-04
6.215675920248032115e-05
3.003269375767559004e-07
1.261044442653656090e-04
5.159147083759307699e-05
3.967818990349769386e-05
1.115897446870803842e-04
3.686206042766571321e-05
8.707987517118454326e-05
1.316993087530136215e-04
-4.740559309720993248e-05
2.550471574068069417e-05
1.278914213180541877e-04
1.844222657382488298e-06
2.220159769058227507e-04
1.314636468887329132e-04
-4.657460004091262606e-05
3.681502537801861973e-06
1.232996657490730301e-04
3.694376349449157574e-05
2.331598252058029227e-04
1.321547627449035556e-04
-3.218742087483406365e-05
9.324476867914200252e-05
1.242090612649917670e-04
-4.794704169034957772e-05
3.652629442512989251e-06
1.398650556802749558e-04
-4.846449941396713311e-05
1.658466085791587851e-05
1.406077593564987189e-04
-4.777914285659790034e-05
3.883432596921920858e-05
1.487177610397338965e-04
3.288784623146056836e-05
4.830606281757354547e-05
1.073359102010726899e-04
8.727446198463439413e-06
7.075132429599762212e-05
1.794031411409377941e-04
7.723076269030571119e-07
9.499448537826537717e-05
1.205931454896926833e-04
2.991103008389472807e-05
5.204183235764503327e-05
1.779339164495468036e-04
4.064908996224403099e-05
2.259702794253826122e-05
1.087568625807762158e-04
5.692514590919017948e-06
6.294225901365280563e-05
1.054525673389434767e-04
-1.485079620033502604e-05
1.575313955545425506e-04
1.623595952987670903e-04
-7.240178063511848761e-06
2.202778011560440176e-04
1.313271373510360739e-04
-2.257100865244865558e-05
1.520573496818542576e-04
1.232504919171333437e-04
2.599943615496158665e-05
-5.000000074505805682e-05
1.202109530568122917e-04
-4.451371729373931695e-06
1.418290287256240931e-04
1.209206208586692863e-04
1.267423946410417630e-05
1.803316175937652642e-04
1.545363664627075228e-04
-2.917991019785404083e-06
2.231803955510258590e-06
1.057604029774665853e-04
-2.757623977959155925e-05
-3.342723939567804201e-06
1.092033535242080677e-04
5.924673750996589390e-05
2.443353384733199939e-04
1.362455934286117593e-04
-3.576346114277839845e-05
4.788906127214431535e-05
1.735371351242065310e-04
2.768675982952117985e-05
6.714564561843872385e-05
1.066311150789260869e-04
1.892334409058094030e-05
4.991735477233305531e-08
1.058038771152496293e-04
2.805912122130394020e-05
2.485103458166122345e-04
1.347781121730804517e-04
-4.743207618594169286e-05
5.799218546599150063e-06
1.281033456325531125e-04
1.152147911489009777e-05
-3.428710252046585007e-05
1.054914295673370340e-04
-4.666963219642639030e-05
2.946844883263111228e-05
1.235817223787307752e-04
6.268636137247084964e-05
1.452460139989852950e-05
1.551551371812820413e-04
-2.742058224976062794e-05
5.906717851758003370e-05
1.091407090425491362e-04
-4.236098006367683524e-05
2.442916110157966706e-05
1.145121231675148062e-04
-4.808229207992553781e-05
1.576416194438934272e-05
1.337489932775497495e-04
5.857028812170028893e-05
4.452443495392799339e-05
1.691706031560897790e-04
1.591870374977588778e-05
5.249309912323951727e-05
1.056412011384964025e-04
1.708077080547809576e-05
-4.864359274506569234e-05
1.725779920816421632e-04
1.711340062320232372e-05
1.460288912057876667e-04
1.325956583023071161e-04
2.369845472276210864e-05
-5.000000074505805682e-05
1.280109882354736400e-04
6.156368926167488250e-05
-1.107585523277521169e-05
1.354551762342453061e-04
6.255155056715011629e-05
4.182444512844085943e-05
1.479669958353042728e-04
3.185592219233512884e-05
5.352496355772018281e-05
1.071852743625640919e-04
-4.420864861458540234e-06
1.023822203278541566e-04
1.625854671001434248e-04
-3.551650419831275647e-05
1.337931305170059193e-04
1.439367532730102643e-04
5.628176778554916696e-05
2.889862656593322816e-05
1.712115406990051254e-04
5.393965914845466278e-05
-4.486314952373504856e-05
1.583684682846069319e-04
-2.378644980490207786e-05
-7.804639171808957647e-06
1.084095388650894163e-04
5.848571658134460232e-05
6.300542503595351956e-05
1.672178208827972514e-04
-4.406816139817237979e-05
6.668070703744888436e-05
1.258189529180526599e-04
-1.366328541189432177e-05
1.154284849762916631e-04
1.624209433794021639e-04
5.532576888799667071e-05
-4.218474775552749487e-05
1.236440613865852248e-04
-4.083399102091788969e-05
-7.946111727505922733e-07
1.714957803487777803e-04
-1.103970035910606428e-05
1.644627451896667398e-04
1.225140169262886039e-04
4.340792819857597638e-05
3.228854760527610638e-05
1.754655987024307323e-04
-1.330182235687971111e-05
-3.317913413047790576e-05
1.781196743249893136e-04
6.090053543448447948e-05
5.608281493186950678e-05
1.402772367000579767e-04
-4.378443956375122173e-05
-2.808730676770210231e-05
1.337977200746536378e-04
-1.882884651422500583e-05
6.612614728510379778e-06
1.773287951946258656e-04
1.622927933931350754e-05
2.305196784436702820e-05
1.791931390762329149e-04
-9.497408173047006528e-07
3.464880213141441551e-05
1.056463122367858900e-04
1.509099453687667878e-05
1.232701819390058504e-05
1.792502254247665472e-04
2.706557884812354995e-05
-1.806822791695594880e-05
1.065634191036224419e-04
-4.447127878665923948e-05
-2.448409423232078680e-05
1.385498940944671553e-04
-2.798203751444816625e-05
-6.480293814092874866e-06
1.092976182699203483e-04
1.206811890006065356e-05
1.119068358093500198e-05
1.793375015258789125e-04
-2.684368193149566753e-05
9.000000357627868316e-05
1.221754848957061902e-04
1.580877043306827589e-05
-1.067987270653247784e-05
1.792166829109191931e-04
-1.209889445453882212e-05
-2.322841063141822712e-05
1.782702058553695742e-04
-3.890046849846839688e-05
7.351074367761611722e-05
1.724944561719894296e-04
-3.596312925219535996e-05
8.852064609527588541e-05
1.619171649217605489e-04
-4.207615181803703221e-05
-3.567927703261375628e-05
1.443790197372436400e-04
-3.580784425139426941e-05
8.614016324281692700e-05
1.155685707926750225e-04
4.193465225398540138e-06
7.150934543460607258e-06
1.054712608456611587e-04
2.320104837417602680e-05
2.509745657444000032e-04
1.437601894140243611e-04
-4.194909706711769104e-05
7.625093311071396449e-05
1.600648611783981419e-04
-1.626044884324073908e-05
5.528518930077552497e-05
1.777479052543640007e-04
-4.184744134545326059e-05
7.668786495923995365e-05
1.447570919990539607e-04
-1.933472976088524017e-05
8.054604381322860967e-05
1.769374608993530291e-04
-2.034561010077595616e-06
1.376328021287918002e-04
1.658473163843155016e-04
-4.466044157743453947e-05
6.352040916681290052e-05
1.364252567291259638e-04
5.872137099504470538e-05
5.500809103250503312e-05
1.162583157420158362e-04
-3.656928613781929162e-05
1.169817149639129671e-04
1.416003257036209200e-04
-1.441506668925285292e-05
1.956517100334167472e-04
1.352804750204086338e-04
-2.644862979650497437e-05
2.171576917171478291e-04
1.311628222465515152e-04
-2.343456633388996038e-05
-3.816824033856392183e-05
1.083456575870513875e-04
6.087451241910457293e-06
1.191536635160446141e-04
1.645794361829757628e-04
2.783725596964359438e-05
3.871867433190345818e-05
1.066561639308929386e-04
4.763072822242974856e-06
1.375253647565841716e-04
1.653312593698501483e-04
-4.017891734838485685e-05
-4.249920323491096372e-05
1.344690918922424212e-04
-4.670989140868187081e-05
4.434684664011001446e-05
1.237831488251686098e-04
2.466822974383831231e-06
9.022017568349838886e-05
1.163199469447135964e-04
2.594444714486598876e-05
-3.047309443354606702e-05
1.064237058162689233e-04
5.481968075037002666e-05
8.565760217607022145e-06
1.720862090587615999e-04
-4.784744977951049550e-05
1.155940443277359075e-05
1.313503831624984687e-04
9.608113206923007789e-06
1.617810726165771411e-04
1.197214722633361861e-04
3.644458577036857692e-05
-1.911772973835468406e-05
1.079352870583534220e-04
-3.353931382298469403e-05
1.208917051553726158e-04
1.582141667604446459e-04
-1.232349034398794117e-05
-6.495675072073936354e-06
1.782415658235549918e-04
-1.914382167160511095e-05
1.736818552017211996e-04
1.397446393966674709e-04
-4.501417279243469103e-05
1.183268055319786127e-05
1.669390350580215445e-04
5.901913344860076725e-05
8.393644238822162312e-07
1.162704676389694281e-04
2.048438228666782219e-05
2.509745657444000032e-04
1.471995264291763310e-04
3.748809173703193594e-05
5.753863230347633232e-05
1.767169833183288550e-04
3.907122835516929312e-05
3.380374237895011750e-05
1.764013320207595938e-04
-2.708036825060844470e-05
1.397732645273208564e-04
1.233657374978065400e-04
-1.399083645083010227e-06
-1.648295298218727253e-05
1.791642755270004335e-04
-4.590827971696853583e-05
5.598510056734085240e-05
1.227164342999458415e-04
4.350241646170616280e-05
-5.000000074505805682e-05
1.612420380115509098e-04
4.177546873688697750e-05
-5.000000074505805682e-05
1.411463767290115458e-04
3.674523904919624464e-05
5.419635027647018340e-05
1.079845726490020715e-04
3.160386811941862062e-06
5.435868632048368596e-06
1.054975464940071078e-04
5.645794048905372658e-05
7.464893162250518148e-05
1.208225488662719745e-04
7.625433499924838797e-07
8.434329926967620839e-05
1.774250119924545177e-04
4.889613017439842197e-05
8.044563233852386149e-05
1.153360977768897968e-04
-4.595372825860977390e-05
5.567421764135360452e-05
1.229545697569847174e-04
1.931191608309745677e-05
1.637049466371536238e-04
1.549720168113708375e-04
7.283279206603765467e-06
6.740668788552284505e-06
1.794149726629257072e-04
5.383934453129768079e-05
7.859246432781219786e-05
1.546274274587631104e-04
-6.067476700991392461e-06
1.967414915561676019e-04
1.285286247730255105e-04
-2.698155865073203962e-05
-5.000000074505805682e-05
1.231159418821334880e-04
-1.956772245466709202e-05
1.599553525447845531e-04
1.604609340429306115e-04
4.551282897591590735e-05
8.420097827911376368e-05
1.244420558214187752e-04
-4.341333359479904131e-05
1.518421340733766488e-05
1.155430525541305503e-04
