5.892820739746093550e-02
2.637794189453124827e-01
3.077924346923828144e-02
4.245821952819824226e-03
1.069783401489257796e-01
3.847243499755859109e-02
3.936146736145019684e-03
3.523003387451172086e-02
5.425300979614258029e-02
7.179307556152343672e-02
1.606179656982421877e-01
4.254125976562499883e-02
4.251975631713867526e-02
4.441085052490234553e-02
7.873767089843750067e-02
3.044721412658691478e-02
0.000000000000000000e+00
3.049506187438964788e-02
1.959238624572753884e-02
2.035366668701171777e-01
3.588181686401367004e-02
1.130039825439453083e-01
8.579788970947264948e-02
4.419915008544921670e-02
5.053072738647460677e-02
1.067821655273437503e-01
5.574475288391113684e-03
4.374478149414062766e-02
5.051885986328125133e-02
5.979321479797363413e-03
1.100982589721679755e-01
4.056848526000976507e-02
6.683303833007812889e-02
8.251325988769531161e-02
6.747505664825439488e-03
7.626899719238280917e-02
2.355734252929687564e-02
2.664584045410156032e-01
5.378346252441406489e-02
6.164003753662109647e-02
2.204297332763671957e-01
2.735470390319824294e-02
4.929190826416015442e-02
0.000000000000000000e+00
3.860466003417968583e-02
4.419406509399414346e-02
6.423181891441345033e-04
1.416465568542480541e-02
1.205986595153808565e-02
9.244158172607422341e-02
1.197209548950195317e-02
6.037026214599609114e-02
1.743344421386718857e-01
6.019238662719726685e-02
8.075624084472655950e-02
2.802577209472656428e-01
5.281323623657226823e-02
5.017684173583984719e-02
1.392979583740234506e-01
1.358259773254394571e-02
5.955427551269531355e-02
2.217901458740234311e-01
2.611072158813476651e-02
7.959424495697021290e-03
1.258554153442382750e-01
6.634192657470702748e-02
1.340706825256347649e-02
1.619483642578125049e-01
5.203269577026366915e-02
9.118823242187500122e-02
4.643291854858398737e-02
7.597576904296875211e-02
3.575816345214843928e-02
2.149270172119140676e-01
2.538552665710449088e-02
5.594963836669921559e-02
1.608066558837890625e-01
2.106763839721679729e-02
6.303100109100341457e-03
5.252721023559570046e-02
6.898236083984375655e-02
3.203611373901367465e-02
1.253759288787841854e-02
7.747207641601562556e-02
4.080052185058593434e-02
2.336372985839843819e-01
5.750888061523437567e-02
8.237834167480469205e-02
4.857816314697265686e-02
7.262275695800781035e-03
9.022204589843750566e-02
8.600582885742187600e-02
8.665821075439453930e-03
1.028186721801757769e-01
1.296692504882812624e-01
2.441390800476074194e-02
6.113189315795898582e-02
1.620375671386718730e-01
2.292426681518554624e-02
6.831992340087890414e-02
1.978321685791015749e-01
4.857100677490234358e-02
6.157860565185546697e-02
1.579615173339843637e-01
6.022375488281250105e-02
8.345487213134765436e-02
3.328951597213745169e-03
7.360328674316406194e-02
2.798030853271484333e-02
2.148602905273437613e-01
3.605813980102538785e-02
2.044460678100585779e-02
3.447804227471351927e-05
4.697208786010741849e-02
1.105357513427734362e-01
7.191152191162109020e-02
1.895989036560058461e-02
5.951715850830078397e-02
1.414585571289062593e-01
1.987229728698730602e-02
2.640207290649414229e-02
2.288161468505859469e-02
8.367295265197754670e-03
8.526674652099609786e-02
3.082961082458495969e-02
7.740408420562744189e-03
7.004691314697265858e-02
8.039024353027343986e-03
6.573561191558837703e-03
2.374633026123046733e-02
2.783462829589843923e-01
3.537192153930664162e-02
9.107713317871093950e-02
2.631549987792968781e-01
3.742094421386718550e-02
6.891381072998047086e-02
2.550568084716796635e-01
4.907242965698242060e-02
1.124759140014648384e-01
4.734714889526367432e-02
4.171281051635742504e-02
3.813621282577514451e-03
7.217092132568359020e-02
2.116370964050293124e-02
6.909863281250000488e-02
1.759012451171874936e-01
4.853825378417968989e-02
4.529247283935547083e-03
1.088474121093749997e-01
2.068102073669433535e-02
9.191804504394530950e-02
1.008206176757812517e-01
7.581462860107421320e-02
2.619407272338867068e-02
2.951602363586425942e-02
8.409785270690918815e-03
6.875108337402344172e-02
1.186215209960937433e-01
7.904473876953124756e-02
6.589955139160155739e-02
2.405404815673828078e-01
4.305840301513672030e-02
1.132157211303710942e-01
7.941979217529296364e-02
4.965940856933593467e-02
3.930401611328124961e-02
0.000000000000000000e+00
2.623645210266113345e-02
3.812175369262695013e-02
2.766513061523437345e-01
3.184461593627929688e-02
2.171452140808105558e-02
1.488288421630859504e-01
2.282486915588378962e-02
8.773677825927733709e-02
2.958982238769531370e-01
3.303670501708984297e-02
5.096628570556640397e-02
4.249333953857421797e-02
7.928820037841796675e-02
8.648709106445312544e-02
0.000000000000000000e+00
2.100769805908203267e-02
4.523234939575195013e-02
2.400512847900390656e-01
2.653719520568847620e-02
8.295394134521484608e-02
4.809508132934570135e-02
7.356711387634277260e-03
1.073587799072265592e-01
1.546361637115478520e-02
3.442092895507812417e-02
1.075223464965820303e-01
7.480059814453124400e-02
1.462637996673583907e-02
4.006819534301758051e-02
2.259191589355468710e-01
2.648233604431152188e-02
4.997950744628906067e-02
1.278062133789062416e-01
5.606836318969726958e-03
4.238795852661132735e-02
1.552282714843750133e-01
6.242094039916992049e-02
6.305010986328124512e-02
2.919337158203125226e-01
3.237893295288085671e-02
3.658718490600586237e-02
0.000000000000000000e+00
5.503667068481445102e-02
8.407503509521484231e-02
2.928291320800781028e-01
5.247338867187500283e-02
3.903207397460937284e-02
2.588186645507812300e-01
3.023795890808105361e-02
1.036563587188720631e-02
1.158670806884765647e-01
7.219317626953125622e-02
2.339134979248046892e-02
6.717807769775391291e-02
8.963557243347167539e-03
4.813044738769531317e-02
1.941093292236328038e-01
6.322083663940429588e-02
5.571483993530273321e-02
1.484357604980468814e-01
2.268448638916015572e-02
6.545416259765625411e-02
2.546419143676757757e-02
7.923545074462891302e-02
3.211266708374023449e-02
1.593500518798828258e-01
2.242094230651855633e-02
5.521807479858398260e-02
1.226672821044921813e-01
7.937928771972656283e-02
6.421696472167968961e-02
2.415467987060546939e-01
4.931135177612304410e-02
2.691874694824218650e-02
1.532181835174560580e-02
7.659133148193358887e-02
9.860571289062500244e-02
2.989240112304687447e-01
4.888745880126953158e-02
6.408152580261230850e-03
9.948454284667969383e-02
1.576636981964111422e-02
7.066925048828125167e-02
1.883623199462890752e-01
3.271309280395507529e-02
3.828098535537719904e-03
3.595820236206054982e-02
5.504237747192382985e-02
1.576678562164306532e-02
1.618781738281249993e-01
5.769777679443359453e-02
1.111260299682617220e-01
8.564672851562500633e-02
2.077814102172851479e-02
6.563214874267578325e-02
2.848687438964843666e-01
5.265692901611328247e-02
7.132499694824218084e-02
1.716122894287109291e-01
4.461653518676757940e-02
3.660720443725586082e-02
1.820576477050781239e-01
2.242094230651855633e-02
2.171132326126098445e-03
6.542056274414062567e-02
5.367256546020508085e-02
8.840115356445311934e-02
2.678259887695312313e-01
4.742094039916992104e-02
6.982179260253906783e-02
2.781878662109374956e-01
5.292211914062500133e-02
1.078717269897460918e-01
1.183896560668945275e-01
6.653881835937500155e-02
6.427128601074218184e-02
0.000000000000000000e+00
3.090813255310058752e-02
9.999826812744140592e-02
1.258265991210937573e-01
1.244664382934570351e-02
5.261228179931640853e-02
2.324990539550781388e-01
2.511538124084472523e-02
4.857342243194579662e-03
2.919873046874999975e-02
2.334064292907714680e-02
4.172013473510742532e-02
2.684814758300781423e-01
5.367336654663085876e-02
3.616651916503905995e-02
1.577542419433593801e-01
6.242094039916992049e-02
4.967718887329101302e-02
1.761876831054687564e-01
2.195531845092773410e-02
8.284425354003906172e-02
1.057552871704101616e-01
7.330260276794433628e-03
3.555226135253906211e-02
5.411359786987304799e-02
6.853198051452636871e-03
3.451351642608642585e-03
3.869711685180664273e-02
5.958630752563476296e-02
8.181048583984375233e-02
1.017141342163085938e-02
7.747969055175780995e-02
7.396833801269531161e-02
2.072952575683593701e-01
4.252323150634765292e-02
7.660529327392577581e-02
2.675785217285156503e-01
3.402344512939452920e-02
1.133228607177734354e-01
7.324826049804687711e-02
3.683901596069336093e-02
1.098647384643554742e-01
2.755148887634277510e-02
3.061055564880370977e-02
1.165421581268310559e-02
8.443378448486328625e-02
7.272886657714844327e-02
1.020523147583007745e-01
7.069564056396483720e-02
1.171208763122558519e-02
4.832681274414062783e-02
1.861600646972656203e-01
6.617386627197265059e-02
1.653627586364746216e-02
2.641334838867187562e-01
5.255773925781249967e-02
6.416216278076171398e-02
2.672670898437500275e-01
3.110113334655761549e-02
7.563063049316406938e-02
1.180502929687499980e-01
7.845500946044921264e-02
1.899850463867187519e-02
1.523296203613281330e-01
6.087220764160156117e-02
7.116001892089843239e-02
3.031795620918273934e-04
6.937474822998046520e-02
9.273701477050781683e-02
2.713481445312500018e-01
4.293724441528320307e-02
1.700052452087402396e-02
1.002691364288330056e-02
1.075247097015380807e-02
3.376657485961914035e-02
2.469993133544921837e-01
4.967864990234374667e-02
2.337381362915039174e-02
1.663285064697265503e-01
6.224237823486328258e-02
6.197000885009765897e-02
0.000000000000000000e+00
5.069934463500976735e-02
2.854924774169921922e-02
0.000000000000000000e+00
4.225366973876953230e-02
6.626557922363281172e-02
1.688335571289062420e-01
5.852855682373046819e-02
5.478829956054687839e-02
1.329915924072265498e-01
7.823519134521483842e-02
5.112107849121094033e-02
0.000000000000000000e+00
5.257916259765624961e-02
1.063025588989257864e-01
2.841239929199218528e-01
4.200589370727539351e-02
7.902369689941406150e-02
2.650518493652343488e-01
4.526950454711914373e-02
1.655174827575683558e-02
1.773320312499999940e-01
2.693052864074706870e-02
1.266585254669189489e-02
1.492157592773437624e-01
3.398529052734375333e-02
8.831643676757812422e-02
8.904665374755858787e-02
8.282978057861328444e-03
6.853427886962890070e-02
2.672062072753906281e-01
3.111009025573730630e-02
3.306682205200195401e-02
6.894268035888671819e-02
7.204746246337890778e-03
2.602848815917968919e-02
2.596016235351562562e-01
5.141879653930664373e-02
4.732256698608398177e-02
5.848027038574218905e-02
5.744085788726806426e-03
6.419657897949218595e-02
2.455348815917968719e-01
3.687501907348633007e-02
4.548595809936523127e-02
1.249504547119140579e-01
7.899735260009765891e-02
2.733691406249999858e-02
1.846181945800781377e-01
6.242094039916992049e-02
9.704663848876952936e-02
4.310409545898437333e-02
7.458393859863281239e-02
6.672703552246093961e-02
2.523039855957031063e-01
4.126809692382812228e-02
9.769345092773437655e-02
3.195946693420410184e-02
1.051021766662597716e-02
2.922592353820800681e-02
5.104417037963867448e-02
7.701216125488281883e-02
1.290458106994628838e-02
1.530506286621093615e-01
5.008457565307616877e-02
1.126087188720703049e-02
1.369786224365234506e-01
2.098837089538574049e-02
6.069091033935546803e-02
0.000000000000000000e+00
6.012783050537109236e-02
1.903133869171142606e-03
7.527870941162109752e-02
3.366703796386718434e-02
7.103184509277343794e-02
2.912400512695312305e-01
5.251222991943359231e-02
8.415308380126952648e-02
6.691825103759765914e-02
7.548813819885254010e-03
6.134136199951172042e-02
5.961351776123046536e-02
7.935548400878905673e-02
2.780411338806152224e-02
1.227471160888671808e-01
7.676921844482421931e-02
6.454020690917969261e-02
9.645998382568359009e-02
5.573801040649414146e-03
1.092913513183593754e-01
1.155238876342773446e-01
2.485797882080078083e-02
2.186068916320800873e-02
1.846811370849609502e-01
6.137723159790039323e-02
4.374072265625000150e-02
2.732304077148437482e-01
5.330753707885742265e-02
3.947154235839843428e-02
6.437764644622802519e-03
7.814452648162842352e-03
9.122426605224609464e-02
2.404620552062988401e-02
7.595987701416015425e-02
7.684223937988281239e-02
7.823586273193360030e-02
7.832090759277343661e-02
3.279003143310546976e-03
8.354668426513671420e-02
2.383872985839843861e-02
5.250346755981444985e-02
0.000000000000000000e+00
2.253319358825683558e-02
3.335340881347656494e-02
2.500941619873046640e-01
4.734045028686523215e-02
8.768787384033202917e-03
1.102536678314208936e-02
2.827175903320312475e-02
3.104979133605956926e-02
1.948380279541015725e-01
6.242094039916992049e-02
3.667283630371093867e-02
8.575649261474609097e-02
6.717543601989745677e-03
9.431286621093749878e-02
2.831248779296874907e-01
4.052080154418945257e-02
6.675598621368408585e-03
1.202974548339843797e-01
3.558961105346679366e-02
2.512621116638183438e-02
1.738344421386718852e-01
6.236812210083007846e-02
3.074972534179687411e-02
2.107628936767578232e-01
2.461892127990722781e-02
7.374584197998046431e-02
2.626712646484374858e-01
4.098111343383788879e-02
4.414012908935546764e-02
2.911816406250000155e-01
3.251560592651367432e-02
9.789704132080077892e-02
2.787491989135742337e-02
7.433495330810546697e-02
1.241638183593750042e-02
1.466859283447265738e-01
3.824209213256835743e-02
9.248198699951172552e-02
1.353538970947265607e-01
2.507700157165527327e-02
2.987392425537109542e-02
9.680339050292968706e-02
7.711852264404296664e-02
6.283601379394530839e-02
2.312195892333984426e-01
5.419111251831054688e-02
4.741930389404296758e-02
1.805545501708984424e-01
2.095299911499023601e-02
1.679915618896484289e-02
1.959791412353515672e-01
4.792150115966797158e-02
6.232192230224609109e-02
0.000000000000000000e+00
5.952621459960937694e-02
5.138864517211914201e-02
4.534777069091797119e-02
7.931041717529296875e-02
1.122173767089843788e-01
4.461839675903320201e-02
4.800733947753905995e-02
5.909822082519531478e-02
1.817345275878906319e-01
2.240956878662109242e-02
6.724603271484375089e-02
1.515105285644531286e-01
3.216324996948242282e-02
7.431443691253662200e-03
1.236046981811523421e-01
6.077801513671875211e-02
1.011088638305664006e-01
1.310872344970703263e-01
4.777278900146484514e-02
1.062382049560546826e-01
3.744752502441406339e-02
7.121232604980468062e-02
4.336931991577148288e-02
2.327442779541015749e-01
5.886364364624023515e-02
4.376036167144775266e-03
1.078549346923828173e-01
4.162467575073242054e-02
4.121799850463866988e-02
1.250419158935546782e-01
7.862530517578124323e-02
7.952317810058594227e-02
2.651241760253906232e-01
4.448408508300781550e-02
1.554198169708252003e-02
1.592093505859374925e-01
2.731118774414062478e-02
3.034262466430663954e-02
1.957435150146484282e-01
2.242094230651855633e-02
2.959413146972656242e-02
1.670424346923828074e-01
6.242094039916992049e-02
7.440885162353515214e-02
2.085836486816406155e-01
4.352354812622070274e-02
4.010388565063476712e-02
1.621425170898437573e-01
6.304697418212890092e-02
8.616902923583984186e-02
1.329987335205078114e-01
1.055434894561767603e-02
8.361779785156249478e-02
2.652158508300781481e-01
3.742094421386718550e-02
8.230036163330077537e-02
3.213566970825195573e-02
7.757579803466796431e-02
1.482573127746582113e-02
1.865056610107421742e-01
4.565026473999023171e-02
5.412691593170165620e-03
1.005040664672851580e-01
1.714548492431640717e-02
6.470666503906249978e-02
2.348838958740234462e-01
5.056544494628906206e-02
1.014037017822265602e-01
8.907528877258300351e-03
7.192028808593750600e-02
1.282194805145263697e-02
1.489918823242187551e-01
5.261674880981445646e-02
6.657495117187499367e-02
1.830775909423828229e-01
2.709231948852539040e-02
3.060684013366699388e-02
1.456180214881897059e-03
1.401062774658203176e-02
5.329565048217773521e-02
2.447830505371093868e-01
5.772822570800781317e-02
2.156104278564453108e-02
9.285437774658203414e-02
7.546247863769531272e-02
5.016479110717773221e-02
1.036472778320312454e-01
5.592680454254149967e-03
2.083422088623046800e-02
2.740153503417968595e-01
3.463980102539062494e-02
5.346675395965575818e-03
2.651469802856445263e-02
5.565491485595703419e-02
6.086033630371093933e-02
8.892393493652343828e-02
5.478931427001953146e-03
5.745335388183593628e-02
1.890400390624999982e-01
2.087429809570312544e-02
9.112299346923828647e-02
2.551775817871093643e-01
4.482461166381836171e-02
2.443060493469238412e-02
1.708973846435546950e-01
2.252175903320312658e-02
6.440087890625000033e-02
0.000000000000000000e+00
5.668790054321289074e-02
4.150141906738281233e-02
8.374359893798828669e-02
7.864849090576171708e-02
9.792109489440918579e-03
7.571691036224364839e-03
3.133915328979491877e-02
3.467522811889648532e-02
2.463308563232421977e-01
5.250255966186523349e-02
5.294173812866211082e-02
1.208571548461914030e-01
7.934272003173828414e-02
1.028545837402343732e-01
7.510340118408202759e-02
1.193914890289306599e-02
6.673917388916016102e-02
5.085321044921874839e-02
5.689815998077392412e-03
7.500102233886718484e-02
2.745212097167968879e-01
3.164333724975586237e-02
5.523836898803710649e-02
2.115234222412109288e-01
1.814333534240722759e-02
3.203189849853515375e-02
0.000000000000000000e+00
3.812302780151367171e-02
7.155556488037109752e-02
6.326164627075195335e-02
6.007905483245849602e-03
1.129379348754882828e-01
5.301690292358398476e-02
3.813477325439453003e-02
4.525545120239257701e-02
3.030818939208984250e-02
5.878559589385986411e-03
8.797644042968749689e-02
2.611526489257812722e-01
4.250991821289062250e-02
5.257729721069336060e-02
9.007504272460938044e-02
5.504784107208252238e-03
8.901660156250000566e-02
1.364857635498046839e-01
5.086945724487304532e-02
3.925805664062499700e-02
2.421045303344726562e-02
7.844031524658202914e-02
4.530234909057617027e-02
1.186988143920898464e-01
5.858385562896728169e-03
8.841333770751953758e-02
0.000000000000000000e+00
6.381605529785155939e-02
2.238441467285156097e-02
1.844845428466796999e-01
6.163104629516601846e-02
9.363332366943359630e-02
4.872164916992187400e-02
7.540377807617187900e-02
1.119966125488281311e-01
9.767069244384765647e-02
3.702127075195312672e-02
9.323796844482422352e-02
5.795257186889648388e-02
9.320456504821777663e-03
6.995138549804687245e-02
1.393279724121093688e-01
1.480453300476074208e-02
4.224603271484374950e-02
1.517140960693359394e-02
6.118635177612304944e-03
2.567230796813965016e-02
1.188654479980468803e-01
7.633496093750000155e-02
2.874888992309570374e-02
1.181620712280273405e-01
7.693578338623047186e-02
3.927805328369140397e-02
2.981205444335937593e-01
4.149129486083984186e-02
8.260308837890624478e-02
2.869028625488281303e-01
5.261824798583984719e-02
3.511937713623047158e-02
2.560570068359375173e-01
3.164171600341796758e-02
8.513937377929688133e-02
1.375211029052734457e-01
3.063105964660644415e-02
9.132036590576171620e-02
1.357668304443359342e-01
6.213286590576171803e-02
9.796841621398925948e-03
7.560113430023193519e-03
5.092428970336913829e-02
4.465562438964843645e-02
2.073380708694457820e-03
7.357323455810546586e-02
1.438559722900390608e-02
1.194627075195312527e-01
1.125764942169189473e-02
1.296837139129638702e-02
1.545716400146484315e-01
4.400731277465820546e-02
5.271348190307616893e-02
3.399740982055664273e-02
5.513339519500732276e-03
1.389578056335449147e-02
2.607145385742187238e-01
4.849269104003905984e-02
2.202162933349609275e-02
0.000000000000000000e+00
2.648223114013672011e-02
3.415786743164062750e-02
2.463820037841796817e-01
3.350175476074218617e-02
1.041346740722656206e-01
1.066599426269531220e-01
7.231607818603515148e-02
5.255470657348632751e-02
0.000000000000000000e+00
6.265729522705078269e-02
2.317852592468261710e-02
1.526164245605468872e-01
6.227062225341797180e-02
6.716181182861327703e-02
2.891799316406249987e-01
3.230791091918945590e-02
6.573985290527344094e-02
0.000000000000000000e+00
2.741280937194824283e-02
5.081873321533202786e-02
1.551788043975830048e-02
5.564824104309081670e-03
5.046443939208984653e-02
1.410545921325683655e-02
7.926284790039062056e-02
3.095394706726074113e-02
2.191080322265624991e-01
4.842589569091797219e-02
8.076730346679687755e-02
6.901716440916060892e-05
6.646757507324219105e-02
2.630301666259765581e-02
2.713088226318359497e-02
8.388151168823241785e-03
1.302544784545898483e-02
1.666267967224121030e-02
7.261906433105468073e-02
1.760212898254394365e-02
9.125681304931640425e-02
7.442003631591796731e-02
8.941319274902344294e-02
1.094600930809974714e-04
1.948949813842773549e-02
5.429194641113281594e-02
1.330336456298828185e-01
7.820762634277343694e-02
8.104672241210937600e-02
2.652024536132812638e-01
4.159637451171874917e-02
1.331645202636718740e-02
1.634227447509765674e-01
4.377846145629882973e-02
1.021809844970703179e-01
1.290471496582031308e-01
6.730436706542969327e-02
2.938826560974121260e-02
2.152075195312500022e-01
3.517012405395508051e-02
3.069381523132324111e-02
1.400000000000000133e-01
2.022482490539550745e-02
1.858604431152343847e-02
1.514922027587890518e-01
6.064895629882812583e-02
3.763826608657836869e-03
1.036129379272460876e-01
4.517269515991211015e-02
7.293616485595702525e-02
8.027588653564453336e-02
7.871574401855468972e-02
8.760697174072265558e-02
3.073932647705078167e-02
7.667424011230468406e-02
9.377429199218749456e-02
2.830800170898437607e-01
4.586086654663085876e-02
6.861621093750000511e-02
2.631179809570312611e-01
3.070467185974121160e-02
1.807438468933105641e-02
1.936223907470702998e-01
2.808277702331542919e-02
3.239519882202148565e-02
2.562158741056919291e-06
6.540283203124999667e-02
7.799368286132812855e-02
1.329119415283203098e-01
8.226062774658203167e-03
5.134738159179687289e-02
2.334172973632812620e-01
5.976237487792968733e-02
6.523566436767577748e-02
2.764937744140624765e-01
5.305319213867187161e-02
1.617006778717040979e-03
7.593193817138671475e-02
4.266680526733398343e-02
9.767833709716797208e-02
5.481807589530944894e-04
4.207263946533203181e-02
3.991102600097656133e-02
4.173899650573730316e-03
9.293616294860839941e-03
1.064031295776367153e-01
1.249959640502929653e-01
3.271915817260741960e-02
1.095680141448974673e-02
6.653358459472656639e-02
7.242388916015625455e-02
9.381183624267578139e-03
9.925024414062499911e-02
1.320826625823974532e-02
5.653464508056640914e-02
2.656290283203124880e-01
5.387445068359374839e-02
5.511364364624023182e-02
2.771622314453124902e-01
3.187834739685058844e-02
2.289684104919433721e-02
8.213008117675781039e-02
9.076240539550781833e-03
8.513058471679688100e-02
1.054410552978515686e-01
7.713558959960938044e-02
4.321162796020507763e-02
1.214948425292968759e-01
6.041260719299315976e-03
6.465663909912108820e-02
1.801812591552734433e-01
5.752507400512694991e-02
1.189141464233398407e-02
1.375184936523437540e-01
2.687246131896972590e-02
1.022961654663085973e-01
3.065707206726074260e-02
1.180927276611328132e-02
4.829272079467773759e-02
4.516289138793945501e-02
7.914792633056640103e-02
5.247119140624999928e-02
1.584243927001953156e-01
6.385109710693359641e-02
7.335890769958495691e-03
6.314016723632812078e-02
7.008140563964843084e-02
1.049692306518554691e-01
1.022734298706054756e-01
7.201082611083983731e-02
5.785095691680908377e-03
2.410971260070800953e-02
3.686094284057617188e-02
2.124101638793945285e-02
2.682157287597656259e-01
3.170996665954589622e-02
6.593525409698486328e-03
1.198983383178710976e-01
5.702927017211913835e-02
1.014356079101562530e-01
8.290433502197265547e-02
1.154578590393066408e-02
4.665553665161132485e-02
1.001715164184570350e-01
7.906310272216797441e-02
4.098288726806640497e-02
2.040590095520019437e-02
7.860243225097655884e-02
4.584099960327148171e-02
8.808942413330078658e-02
5.827297210693358973e-03
7.009667968749999645e-02
2.021055450439453172e-01
4.736865234374999789e-02
2.853223037719726518e-02
2.151388092041015554e-01
4.718578338623046625e-02
7.605504512786864964e-03
1.243604507446289115e-01
2.730143928527831859e-02
5.249999999999999806e-02
1.391705169677734388e-01
7.166727447509765869e-02
4.060934448242187189e-02
4.423187637329101252e-02
7.856926727294921697e-02
7.727073669433594250e-02
5.646350479125976374e-02
6.587485313415527600e-03
4.340490722656249745e-02
2.619789123535156139e-01
3.059355354309082134e-02
1.133033065795898409e-01
7.105026245117188055e-02
3.616418838500976701e-02
7.260299682617187174e-03
1.149699478149414089e-01
1.484989261627197264e-02
6.762062835693359586e-02
0.000000000000000000e+00
5.431416320800781100e-02
1.083755645751953156e-01
9.160321807861328269e-02
6.936914062500000588e-02
1.775152969360351690e-02
7.216818237304686856e-02
7.447883605957031361e-02
4.933292770385742237e-02
2.656983032226562513e-01
3.090848159790039046e-02
9.702150726318359286e-02
1.335468597412109437e-01
3.221753692626953131e-02
6.238426971435546975e-02
2.168995361328124871e-01
5.753450775146484036e-02
7.111662292480468162e-02
1.825948486328125009e-01
4.927154159545898277e-02
2.209080934524536299e-03
5.120468139648437500e-02
3.290984725952148665e-02
1.335149765014648389e-02
1.070383834838867232e-01
1.156873512268066437e-02
3.638658142089843534e-02
2.176696777343750111e-01
5.713918685913085826e-02
1.108110122680664028e-01
8.466566467285156772e-02
1.973479652404785262e-02
2.896062660217285298e-02
2.150486602783203138e-01
4.928090286254882546e-02
6.234972000122070146e-02
1.970778656005859331e-01
2.718521118164062347e-02
4.587113952636718422e-02
1.534210510253906368e-01
2.207565116882324180e-02
4.273939895629882968e-02
6.112822341918945634e-02
6.069279670715331705e-03
5.279615783691406217e-02
7.533344268798827792e-02
5.502439975738525162e-03
3.153219223022461076e-02
2.157843017578124911e-01
3.287783050537109591e-02
6.351407527923584075e-03
4.916746902465820440e-02
6.904198455810546531e-02
8.680035400390624656e-02
8.387440490722655739e-02
7.684027099609375133e-02
6.291249084472656794e-02
1.400000000000000133e-01
6.668209838867188155e-02
7.575881958007812944e-02
8.655669403076171609e-02
6.397094726562500139e-03
8.322967529296874944e-02
3.009745788574218484e-01
4.050813674926757868e-02
6.983866119384765647e-02
1.891607818603515678e-01
5.300587844848633073e-02
6.334546661376952437e-02
1.290341033935546999e-01
7.922199249267578014e-02
9.185189056396483864e-02
6.994154357910156716e-02
9.010162353515625139e-03
3.144579172134399393e-03
4.780085372924804815e-02
6.037693023681640903e-02
9.066809082031250522e-02
0.000000000000000000e+00
4.503047943115234125e-02
1.097842712402343768e-01
5.624230194091797003e-02
6.745299530029297275e-02
8.053050994873046931e-02
2.652089233398437496e-01
4.472477340698242237e-02
1.552597522735595786e-02
1.614222717285156150e-01
5.738038635253906589e-02
9.697426605224609975e-02
2.549294433593750075e-01
4.694297790527343639e-02
3.362969207763671919e-02
2.588126220703125258e-01
3.322512817382812511e-02
3.953089237213134460e-03
6.567256164550781816e-02
2.053513526916504045e-02
5.676120376586914207e-02
1.511239318847656388e-01
2.325424385070800834e-02
1.078340606689453113e-01
1.133733291625976525e-01
1.661409378051757757e-02
8.884097290039062733e-02
1.845032691955566378e-02
7.643919372558594105e-02
8.460169982910156761e-02
2.644700317382812638e-01
4.718343353271484131e-02
7.195951080322265936e-02
8.958255767822265181e-02
7.881134033203124334e-02
3.503862762451171592e-02
7.777659606933594316e-02
6.920040607452392772e-03
4.700347518920898471e-02
7.642670440673828003e-02
7.908004760742187722e-02
1.060213546752929725e-01
1.007623004913330012e-02
3.442122268676757468e-02
1.092317047119140683e-01
8.862526702880858809e-02
6.826746368408202759e-02
7.342021942138671556e-03
2.822826004028320193e-02
1.601901626586913971e-02
1.548987865447998095e-02
1.488219757080078143e-01
2.662935447692870924e-02
1.552057552337646543e-02
5.297298812866210738e-02
1.094083976745605438e-02
9.772256469726561812e-02
4.888191986083984669e-02
7.439449310302734264e-02
8.346770477294922219e-02
2.757019042968750222e-01
4.742094039916992104e-02
5.156005859374999944e-02
3.056177520751953217e-02
5.543012619018555104e-03
4.528690719604492460e-02
0.000000000000000000e+00
3.003497695922851402e-02
2.963530540466308497e-02
2.780056715011596739e-03
7.269612121582030850e-02
3.136682891845703203e-02
1.587067871093749971e-01
6.242094039916992049e-02
3.522493743896484147e-02
4.820610427856445585e-02
7.793421936035156705e-02
6.653714752197265048e-02
2.620413513183593723e-01
3.059066200256347484e-02
8.616044998168944855e-03
1.284210357666015490e-01
3.063007926940918002e-02
5.219417190551757513e-02
6.012139511108398338e-02
5.520791530609131005e-03
6.793194580078125433e-02
1.198088973760604796e-04
6.842491912841797141e-02
1.060656547546386802e-02
1.024465637207031266e-01
7.228076934814453569e-02
1.013378295898437476e-01
9.127140045166015625e-02
1.151901054382324305e-02
8.192008972167968972e-02
2.792197265624999925e-01
5.284722900390625283e-02
8.632150268554687755e-02
2.956364746093749774e-01
3.286220932006835710e-02
1.014354419708251957e-02
1.177469711303710947e-01
7.207656860351562000e-02
2.880874633789062486e-02
0.000000000000000000e+00
5.484192276000976474e-02
2.913306951522827166e-03
7.926667022705077836e-02
2.604801750183105558e-02
6.353336334228515403e-02
1.528930053710937376e-01
5.743935012817382585e-02
6.026538467407226846e-02
7.522359466552734630e-02
7.937754821777344427e-02
1.526152801513671817e-02
2.692657775878906090e-01
3.659720230102538746e-02
4.922780609130859159e-02
2.635041198730468937e-01
3.074673271179199224e-02
3.907081604003906361e-02
2.441478576660156274e-01
3.043132591247558680e-02
2.801896333694457817e-03
4.460840988159179427e-02
3.637807846069335965e-02
5.440069198608398632e-02
0.000000000000000000e+00
6.596689605712890980e-02
6.608380126953125600e-02
1.192575607299804635e-01
5.647320270538330397e-03
6.414417266845702514e-02
2.793439850211143355e-05
6.759543609619141080e-02
4.969955444335937694e-02
1.700837860107421995e-01
1.972978591918945340e-02
1.132221145629882797e-01
7.652497100830078780e-02
4.954284286499023582e-02
3.741824340820312789e-02
9.671618652343749734e-02
6.625575542449951144e-03
9.952815246582030762e-02
6.639163970947264959e-02
7.387677764892577881e-02
4.864710617065429871e-02
9.641400337219238267e-03
7.891055297851562456e-02
4.729087829589843917e-02
8.044499969482421520e-02
5.742322921752929417e-03
7.240322875976562544e-02
2.603854675292968657e-01
3.141434860229492393e-02
1.124812507629394456e-02
5.246871948242187722e-02
1.229436492919921790e-02
1.119447250366210900e-01
9.808414459228514959e-02
5.330914306640625183e-02
3.928761672973633129e-02
5.950115585327148127e-02
7.844271850585937678e-02
4.876384735107421736e-02
4.416293334960937761e-02
7.917284393310547452e-02
1.125862960815429692e-01
9.144167327880858842e-02
3.032334327697754073e-02
3.681162261962890592e-02
1.596771850585937402e-01
2.242094230651855633e-02
9.265194702148436823e-02
2.529275970458984557e-01
4.124283218383788946e-02
2.575934791564941234e-02
9.828749847412109053e-02
8.493466377258300851e-03
1.721937561035156300e-02
7.331444549560546531e-02
7.433776092529296997e-02
2.055628967285156108e-02
1.565796279907226418e-02
7.521723175048827814e-02
5.935773372650146075e-03
1.166998367309570322e-01
5.191057586669921980e-02
1.100443420410156248e-01
1.105945892333984326e-01
6.351213455200195590e-02
3.189733886718749967e-02
9.641694068908692253e-03
7.646599769592285316e-03
4.243419170379638360e-03
1.069666748046874949e-01
3.718696975708007946e-02
3.348851013183593711e-02
0.000000000000000000e+00
3.549029159545898093e-02
8.492703247070312877e-02
3.888330459594726424e-02
7.682194709777831823e-03
2.916097068786620977e-02
1.758137702941894517e-02
7.700103759765625222e-02
5.685610198974609675e-02
9.187738037109374756e-02
5.430379390716552797e-03
3.430142593383789240e-02
2.824683837890625271e-01
3.241805648803711137e-02
8.400289916992187411e-02
8.034928131103515059e-02
7.733078765869140503e-02
4.767382431030273149e-02
1.585359497070312484e-01
6.398782348632812977e-02
3.367425155639648671e-02
2.474807434082031132e-01
4.648970794677734220e-02
1.094050827026367134e-01
2.975842590332031246e-01
3.730712890625000056e-02
4.302080154418945479e-02
6.542819976806640847e-03
7.742369079589843384e-02
1.320943260192871012e-02
1.605473632812499940e-01
4.807454681396484270e-02
9.260682678222656450e-02
2.971740722656249778e-01
5.077618408203125183e-02
1.967173576354980594e-02
1.406469879150390734e-01
6.168588256835937783e-02
1.256419086456298830e-02
7.800122070312499878e-02
1.181326293945312439e-02
5.001374053955078003e-02
1.836823577880859482e-01
1.928136062622070462e-02
2.781135177612304582e-02
1.009483718872070251e-01
8.075141906738280903e-03
1.217086601257324173e-02
6.525252532958984719e-02
7.290457153320312189e-02
2.851008033752441481e-02
1.747456512451171784e-01
2.242094230651855633e-02
1.004114303588867219e-01
2.853071403503417910e-02
7.364611816406249623e-02
6.521249389648436923e-02
2.435566253662109493e-01
4.542364120483398382e-02
7.585169219970702703e-02
1.098522567749023460e-01
7.843038177490234408e-02
6.219543075561523304e-02
3.461781311035156544e-02
7.933013916015624334e-02
9.185769081115723392e-03
6.634639739990234875e-02
7.149205017089843572e-02
2.401340866088867015e-02
1.179280471801757851e-01
8.846045494079590038e-03
6.210979461669921542e-02
2.264623413085937453e-01
2.896334648132324260e-02
9.910875701904296731e-02
1.234075698852539066e-01
1.121288490295410147e-02
7.615824890136718706e-02
2.668109436035156490e-01
3.665426254272460826e-02
3.458710193634033109e-03
8.670538330078124412e-02
6.193347930908203042e-02
1.813086867332458453e-03
7.979376220703124356e-02
5.012080001831054760e-02
6.445191860198974838e-03
2.086001205444336024e-02
5.257093429565429937e-02
1.264481163024902370e-02
1.895320129394531192e-02
1.229003906250000083e-02
2.789372253417968586e-02
0.000000000000000000e+00
3.360462951660156405e-02
3.188637924194336060e-02
2.824670410156249756e-01
5.182330703735351513e-02
7.022390747070313133e-02
2.155209655761718690e-01
4.382952117919922119e-02
3.696061325073242421e-02
1.160215225219726615e-01
7.815177917480468917e-02
5.494802856445312605e-02
0.000000000000000000e+00
5.882071685791015470e-02
1.130870666503906302e-01
5.564521408081054415e-02
3.499063873291015370e-02
3.081694793701171900e-02
1.064346618652343701e-01
7.727194213867187578e-02
7.112522125244140347e-02
1.838820343017578129e-01
3.392807769775390420e-02
2.829648208618163949e-02
1.100609207153320362e-01
7.980401992797852423e-03
3.784657669067383046e-02
2.050731201171875073e-01
2.238043022155761577e-02
5.021037292480468733e-02
1.178954124450683552e-02
5.599254608154296577e-03
7.888279724121093073e-02
8.569115400314331141e-04
1.446093368530273517e-02
1.079211997985839860e-02
5.607442855834960868e-03
4.674086380004882635e-02
1.953582954406738251e-02
2.034244995117187593e-01
4.925393295288085782e-02
7.083738708496094272e-02
1.250754547119140581e-01
7.889318084716796797e-02
9.071604919433594316e-02
2.836174392700195265e-02
7.607971191406250056e-02
7.824982452392578725e-02
5.555566024780273643e-02
6.710302352905273167e-03
1.060888366699218738e-01
1.032771015167236253e-02
2.395207405090332003e-02
3.004981994628906292e-02
1.884781646728515558e-01
6.242094039916992049e-02
7.250503540039061889e-02
1.656065216064453172e-01
4.805175781249999833e-02
6.986736297607422375e-02
1.500217285156250080e-01
4.005151748657226340e-02
1.123599090576171827e-01
8.889686584472655806e-02
2.762168693542480305e-02
7.469825744628906528e-02
1.265651931762695193e-01
7.854638671874999978e-02
6.698162078857422541e-02
1.740648498535156130e-01
5.389463043212890797e-02
9.185026550292968439e-02
9.634154510498046942e-02
7.582958221435547042e-02
9.404940795898437955e-02
8.352067565917968561e-02
9.515440940856934038e-03
6.935166358947753885e-03
1.861328697204589835e-02
2.361320877075195196e-02
9.322986602783203680e-02
9.773506164550781194e-02
7.551593780517577847e-02
3.885816192626952853e-02
2.155536499023437413e-01
6.017895126342773238e-02
4.533938407897949302e-03
4.035780334472656439e-02
6.600823211669921975e-02
8.118629455566406250e-02
3.453726577758788746e-02
7.080389976501465059e-03
1.109958267211914006e-02
1.204694976806640616e-01
1.233080673217773482e-02
7.149756622314452914e-02
1.416194915771484264e-01
3.158896064758300731e-02
4.415412521362304527e-02
2.396006317138671959e-01
5.808584213256835771e-02
3.134487915039062267e-02
9.644744873046874611e-02
7.735760498046874434e-02
3.451893615722656516e-02
0.000000000000000000e+00
3.492381286621093484e-02
2.481672096252441478e-02
1.124378051757812524e-01
7.616053009033203758e-02
4.327865219116210777e-02
0.000000000000000000e+00
4.742930221557617454e-02
6.644111633300781028e-02
1.608832550048828192e-01
2.784206581115722737e-02
5.955908584594726829e-02
2.063105468750000004e-01
2.075537872314453178e-02
9.023857116699218750e-02
0.000000000000000000e+00
4.246133041381836004e-02
3.876767730712890603e-02
1.053533630371093766e-01
7.837658691406250433e-02
9.075657653808594238e-02
3.009745788574218484e-01
3.709297180175781528e-02
3.540623855590820102e-02
0.000000000000000000e+00
2.049978065490722784e-02
6.649306488037109997e-02
2.750720214843749845e-01
5.316244125366210993e-02
9.133905792236328425e-02
8.119290161132812489e-02
7.594203948974609375e-02
4.201818084716796992e-02
1.178442001342773493e-02
7.867557525634766291e-02
3.003660440444946150e-03
7.832588195800781194e-02
2.549081039428710907e-02
7.611381530761718306e-02
8.715833282470702992e-02
6.440357208251952861e-03
7.359479522705078547e-02
2.839729003906250049e-01
3.214038085937499789e-02
5.148922729492187711e-02
3.638973236083984514e-02
7.931588745117187922e-02
4.944242477416992132e-02
1.298500976562499964e-01
5.796524047851562070e-03
2.950041389465331981e-02
2.158487091064453245e-01
3.952931594848632657e-02
1.104127197265624971e-01
7.925560760498047419e-02
6.616194915771483887e-02
4.911327362060546875e-02
2.039638061523437462e-01
1.999538040161132763e-02
1.320866203308105474e-02
3.810961151123046925e-02
1.161473464965820379e-02
1.045461750030517514e-02
1.350608520507812493e-01
4.290124130249023393e-02
4.380975246429443318e-03
3.223262023925781150e-02
3.594250106811523737e-02
3.471773147583007840e-02
2.565202331542968950e-01
3.199576187133788829e-02
5.643506240844726324e-02
2.203958892822265592e-01
2.437456130981445479e-02
1.649711036682128748e-02
3.731670379638672014e-02
7.414527893066406861e-02
1.083963394165039090e-01
2.148820114135742074e-02
2.017787551879882818e-02
5.339173889160156450e-02
1.940437507629394487e-02
5.499437332153320722e-03
6.592583465576172530e-02
2.924407043457031286e-01
3.239271926879883079e-02
6.785737609863280728e-02
1.994235229492187511e-01
5.022773742675781111e-02
3.129757165908813536e-03
9.853671264648437844e-02
2.604021263122558577e-02
7.578060150146483966e-03
1.061326217651367143e-01
1.456254291534423914e-02
7.013510894775390470e-02
1.539069213867187425e-01
4.406052780151367004e-02
1.091676635742187540e-01
1.161659164428710950e-01
4.606185150146484275e-02
1.047309341430664037e-01
6.436327934265136975e-03
3.581918334960937367e-02
3.358404541015624911e-02
1.400000000000000133e-01
6.458934020996093262e-02
7.755373382568359064e-02
2.762409057617187247e-01
5.306233215332031156e-02
8.310771942138671375e-02
1.059204940795898386e-01
7.368867874145508014e-03
2.978357696533203217e-02
9.789098358154296742e-02
7.730261802673339677e-03
7.806341552734374911e-02
2.842666931152343923e-01
5.268752670288085610e-02
7.411362457275390281e-02
2.119691314697265683e-01
3.986204528808593578e-02
8.296156883239745941e-03
6.587731170654297086e-02
7.091506958007812167e-02
1.886389541625976482e-02
1.347114105224609393e-01
7.263674163818359397e-02
3.411992645263672158e-02
2.459745483398437516e-01
3.794086456298827875e-02
4.775610733032226857e-02
4.265145874023437700e-02
5.719332218170165676e-03
7.723906707763672497e-02
1.278403091430664051e-01
6.639309406280517398e-03
1.038152542114257754e-01
1.078431777954101528e-01
7.244849395751952470e-02
3.156376647949218905e-02
2.206677093505859388e-01
4.953408432006835976e-02
5.133395767211913763e-02
1.366064758300781223e-01
7.559980773925781272e-02
5.705646991729736509e-03
2.454563331604003862e-02
2.924334716796874942e-02
5.131425094604492171e-02
2.666410827636718772e-01
3.099257278442382746e-02
1.005903549194335916e-01
1.048870315551757859e-01
1.130915260314941349e-02
3.987887573242187428e-02
0.000000000000000000e+00
3.058256721496582092e-02
1.095821475982666077e-02
1.025906448364257845e-01
1.241339015960693341e-02
5.325613403320312439e-02
0.000000000000000000e+00
5.201406860351562300e-02
1.187773036956787064e-02
4.150357723236084220e-03
5.895777893066406206e-02
1.122248077392578175e-01
7.957794189453125389e-02
2.704026985168456881e-02
3.946764755249023565e-02
3.812307357788086160e-02
7.846607208251953069e-02
1.635097312927246208e-02
3.752988338470459196e-03
7.034864807128905773e-02
9.591590881347656847e-03
1.319888000488281254e-01
5.391112518310546553e-02
4.645129680633544762e-03
1.095466308593749938e-01
4.594878768920898637e-02
3.841301679611205944e-03
1.042331848144531226e-01
2.228922462463378898e-02
1.101493301391601592e-01
1.108304367065429674e-01
3.981099700927734353e-02
7.005124664306640325e-02
1.647644042968750000e-01
3.112979125976562608e-02
1.054905624389648466e-01
8.218461036682129378e-03
2.800293540954589683e-02
4.208408355712890681e-02
1.110248107910156296e-01
7.870028686523437844e-02
1.090444946289062522e-01
1.009186553955078169e-01
6.852368164062500044e-02
4.499311828613281050e-02
7.345619201660155695e-02
5.884608745574951109e-03
3.637759208679199312e-03
1.008173599243164104e-01
2.204365348815917960e-02
6.680660724639892953e-03
1.978033065795898465e-02
5.791995620727539290e-02
3.813756942749023382e-02
2.348638305664062509e-01
2.945210647583007893e-02
9.060424804687500222e-02
1.548138809204101587e-02
8.762756347656249292e-03
1.080415954589843686e-01
1.212563018798828163e-01
4.868121337890624761e-02
8.266194152832030684e-02
1.109013748168945351e-01
7.753476715087891102e-02
9.520990753173827481e-02
1.240897750854492131e-02
9.810538291931151719e-03
6.871453857421874756e-02
5.909975814819336259e-02
7.903461456298828403e-02
2.422474098205566403e-02
2.110942687988281163e-01
4.562134552001952809e-02
1.087656478881835892e-01
5.605498123168945607e-02
1.595597457885742157e-02
4.485490798950195201e-02
1.389195404052734339e-01
1.305597209930419930e-02
2.776164054870605344e-02
3.766281890869140753e-02
7.676329803466797053e-02
2.235188484191894670e-02
2.589745483398437353e-01
3.790447616577148626e-02
4.347270011901855670e-03
1.030200881958007880e-01
1.927480697631835799e-02
8.151777648925781494e-02
2.146174049377441370e-02
7.768534088134765314e-02
3.691058397293090886e-03
4.010180282592773482e-02
6.315099334716796353e-02
1.117884635925293045e-02
4.972334861755371184e-03
4.963507843017578303e-02
3.353348159790039279e-02
9.650247192382813144e-02
7.771446228027344139e-02
8.233027458190917899e-03
2.331688880920410045e-02
6.906953430175781505e-02
2.579750823974609475e-02
2.589745483398437353e-01
4.514192199707030978e-02
6.925405979156494529e-03
1.865788459777831948e-02
3.818362426757812567e-02
5.707246017456054504e-02
1.542361297607421911e-01
2.308994102478027430e-02
8.104878234863281683e-02
2.786567115783691526e-02
7.775394439697265458e-02
7.002796936035156350e-02
1.949252319335937622e-01
4.304010009765624895e-02
8.630851745605468139e-02
9.227193450927734242e-02
7.693431854248046486e-02
7.721778106689453081e-02
7.953459167480468606e-02
6.579286098480225005e-03
3.901568603515624678e-02
6.973361968994140625e-02
7.840870666503906017e-02
6.093021392822265542e-02
2.528731822967529401e-03
1.016579532623291052e-02
6.697672271728515037e-02
2.166120300292968814e-01
3.296824264526367065e-02
6.425564575195312489e-02
8.942326354980469072e-02
7.928702545166015081e-02
2.160755729675293071e-02
1.491701507568359286e-01
2.286105155944824149e-02
6.070016098022461282e-02
2.472207794189453245e-01
2.933535957336425720e-02
5.596056365966797091e-02
2.332452697753906179e-01
5.863981628417968411e-02
8.258452415466308386e-03
1.271067352294921737e-01
5.270020675659179560e-02
4.452394104003905978e-02
2.540453796386718532e-01
2.961433219909668027e-02
2.448970603942871027e-02
8.328145980834960466e-03
7.547338104248046964e-02
3.963406801223754924e-03
1.051089172363281199e-01
2.298357963562011608e-02
9.304742431640625200e-02
2.524218750000000178e-01
4.404488754272460616e-02
1.046361541748046936e-01
6.523078155517578192e-02
7.217662811279296209e-02
1.119268417358398465e-01
4.180217361450195429e-02
2.846919441223144664e-02
4.827750205993652267e-03
4.241412734985351707e-02
6.663465881347656328e-02
1.035164184570312451e-01
4.504916381835937650e-02
1.218389415740966757e-02
5.824238204956054543e-02
2.456578979492187453e-01
5.544392776489257685e-02
9.833043670654297019e-02
6.868955993652343939e-02
7.422557067871093928e-02
5.418468952178954676e-03
2.612076187133789001e-02
3.222674179077148621e-02
1.884716415405273543e-02
2.003226928710937493e-01
5.399488830566406133e-02
7.019627094268799002e-03
1.218558959960937549e-01
6.235313796997070390e-02
2.389609909057617207e-02
2.808745422363281286e-01
4.674017715454101274e-02
1.086221237182617150e-01
5.338022232055664174e-02
6.910174560546875067e-02
6.638149261474608764e-02
0.000000000000000000e+00
4.862176895141601812e-02
5.316045761108398326e-02
1.934759826660156223e-01
6.320111846923828769e-02
6.479038238525390569e-02
2.893769226074218714e-01
5.256116485595702797e-02
4.548398017883301114e-03
3.110474586486816281e-02
3.496829986572265458e-02
1.707126855850219687e-03
6.114099884033202814e-02
4.448447418212890525e-02
3.335021972656249806e-02
2.501201324462890563e-01
4.590143203735351507e-02
2.660990333557129023e-02
1.236561737060546812e-01
7.652604675292969116e-02
2.983629417419433535e-02
2.599781188964843670e-01
5.200389862060546958e-02
1.812988662719726418e-02
7.906278228759765214e-02
7.457931518554687667e-02
8.489944458007812889e-02
0.000000000000000000e+00
2.022293853759765669e-02
1.044029922485351508e-01
2.955865173339843888e-01
4.992978668212890575e-02
6.280478668212891025e-02
1.110115203857421906e-01
5.517979621887206775e-03
1.346730613708496151e-02
1.681215057373046939e-01
4.539374542236328247e-02
1.134439315795898462e-01
7.119921875000000122e-02
4.522692489624023648e-02
3.562087631225586276e-02
7.945201873779296486e-02
7.798439788818359308e-02
4.425592803955077925e-02
0.000000000000000000e+00
3.756914138793945174e-02
8.404606819152832600e-03
1.244569873809814493e-02
3.755999374389648593e-02
4.601292800903320629e-02
3.726132202148437628e-02
5.828858375549316601e-03
8.623411560058594216e-02
2.086780738830566403e-02
7.901790142059326658e-03
1.012929000854492223e-01
2.401551485061645397e-03
6.189181900024413874e-02
9.089383697509766102e-02
2.742747688293457192e-02
7.603932189941406405e-02
2.799173927307128940e-02
1.093319549560546888e-01
8.037325859069823636e-03
9.190508270263672563e-02
8.079341650009155525e-04
1.694013023376464769e-02
3.470283508300781028e-02
1.771358795166015632e-01
2.242094230651855633e-02
3.646315002441406078e-02
1.428085479736328212e-01
6.242094039916992049e-02
6.517421722412108931e-02
1.267588806152343817e-01
7.924061584472656683e-02
7.637747955322266025e-02
1.140201644897460981e-01
6.471600055694580120e-03
1.033015289306640633e-01
4.016232681274414101e-02
7.274916839599609997e-02
9.011479187011718628e-02
6.782503604888916356e-03
9.931748390197753240e-03
4.771456146240234120e-02
2.866306762695312593e-01
3.227254104614257768e-02
6.638056182861327981e-02
1.332161407470703052e-01
7.791255187988281594e-02
4.358649444580078164e-02
1.682574920654296979e-01
1.971994972229004078e-02
1.101800231933593721e-01
2.942547988891601463e-02
5.915987777709960649e-02
3.544345617294311548e-03
9.288799285888671431e-02
6.235013198852538963e-02
2.031334877014160170e-02
1.097750701904296883e-01
9.687815666198730524e-03
9.475055694580078458e-02
5.359169387817382807e-02
9.694257736206053980e-03
1.008246231079101482e-02
6.861269950866699316e-03
2.729917335510254062e-02
1.090888061523437452e-01
1.143911743164062467e-01
1.989378929138183733e-02
1.710009765625000039e-02
1.786094207763671837e-01
5.843358612060546575e-02
9.922464752197265869e-02
2.835341796874999987e-01
3.755160140991210815e-02
5.274616622924804821e-02
1.034255676269531243e-01
7.933885192871094338e-02
8.443924903869628670e-03
1.277829437255859346e-01
2.565970611572265456e-02
3.845218276977539068e-02
7.134713745117186867e-02
6.492366313934325867e-03
1.175664043426513650e-02
1.401497344970702996e-01
3.260224914550781394e-02
3.028522491455078181e-02
1.966606292724609462e-01
2.242094230651855633e-02
4.443610763549804554e-02
1.350434570312500082e-01
7.655912017822265325e-02
4.667267227172851307e-02
2.387989196777343670e-01
2.597905540466308519e-02
7.755754089355468284e-02
2.690902099609375209e-01
4.826645660400390864e-02
1.071635360717773378e-01
1.465148162841796789e-02
4.127128601074218917e-02
1.129117584228515603e-01
8.680854034423828025e-02
3.880662155151367448e-02
5.252396011352539196e-02
8.473234176635742118e-03
7.876422119140624734e-02
1.394311904907226569e-02
2.596627807617187256e-01
4.317111968994140347e-02
1.562231826782226572e-02
9.752420806884765092e-02
7.392829132080078192e-02
1.734933471679687630e-02
5.460024476051330471e-04
3.442803192138672169e-02
5.013541412353515747e-02
2.193959503173828207e-01
2.297216415405273562e-02
5.191634368896484719e-02
2.985547180175781024e-01
5.003417205810546664e-02
6.822487640380858753e-02
1.342791900634765501e-01
7.721709442138671720e-02
7.286865234375000666e-02
0.000000000000000000e+00
3.770519638061523710e-02
6.196244812011719033e-02
2.372515716552734411e-01
3.102358436584472592e-02
1.892951130867004438e-03
8.377687072753906006e-02
4.397321319580078242e-02
5.484770965576171720e-02
1.774591369628906179e-01
6.227752685546875111e-02
2.208189010620117271e-02
1.915872039794921933e-01
2.393350219726562630e-02
1.100904464721679660e-01
1.112026062011718802e-01
3.958242416381835965e-02
6.616066741943359142e-02
2.347281341552734379e-01
4.689245223999023715e-02
1.607264709472656233e-02
1.931293792724609326e-01
4.076294708251953364e-02
4.574873733520507663e-02
2.418199729919433619e-02
5.848803997039794984e-03
1.115611114501953161e-01
6.946261596679687012e-02
2.281486701965331973e-02
6.039491271972656505e-02
1.277183990478515663e-01
5.471934318542480066e-03
5.024571228027343434e-02
2.017867431640625042e-01
6.340164184570312722e-02
9.486788940429687067e-02
2.462288665771484447e-02
7.511287689208984153e-02
9.178666687011718950e-02
1.286946716308593752e-01
1.002959918975830124e-02
3.831551742553711282e-02
1.189576187133789126e-01
6.519544124603271658e-03
1.078920059204101500e-01
4.202336883544922214e-02
1.496919441223144506e-02
8.901766967773437622e-02
1.364854431152343617e-01
4.226265335083007751e-02
3.795551300048827931e-02
1.828638000488281290e-01
6.242094039916992049e-02
4.476511001586914312e-02
1.418852996826171775e-01
1.862374305725097642e-02
1.005899887084961003e-01
3.380565261840820512e-02
1.130382442474365222e-02
2.278629493713378931e-02
7.588275146484374512e-02
9.105776786804199371e-03
8.224855041503906228e-02
1.329853515624999927e-01
7.550920867919921897e-02
4.991527175903320152e-02
1.337867431640624993e-01
7.772171020507812056e-02
9.790326690673828436e-02
2.521471252441406241e-01
4.668613052368163902e-02
6.500894165039063088e-02
1.521910552978515685e-01
5.588742828369140658e-02
5.374890518188476379e-02
2.578131713867187758e-01
3.008983993530273474e-02
5.798236465454101318e-02
2.610068664550781459e-01
5.435562896728515780e-02
5.119735717773437472e-02
8.915216064453125588e-02
5.539603710174560366e-03
9.250916290283203725e-02
2.848656616210937242e-01
3.307961273193359142e-02
1.099605102539062546e-01
8.553849029541014948e-02
6.712701416015624811e-02
5.378482055664062650e-02
2.208219909667968883e-01
6.121226882934570346e-02
8.890601348876953081e-02
1.365202941894531341e-01
2.921541976928710913e-02
9.143548583984374700e-02
5.346320724487304415e-02
7.592137908935546464e-02
4.478839492797851568e-02
3.826195526123046808e-02
5.906205177307128490e-03
2.255810165405273265e-02
2.594711608886718923e-01
3.368504333496093878e-02
2.031570053100585985e-02
2.721206054687499987e-01
3.374537658691405956e-02
1.827805900573730574e-02
1.771297149658203063e-01
2.515764427185058702e-02
2.087752914428710888e-02
1.048867416381835949e-01
9.553739547729492299e-03
1.728601646423339952e-02
2.672964172363281321e-01
3.299048614501953053e-02
4.171991729736328203e-02
0.000000000000000000e+00
4.250722122192383129e-02
2.514793777465820432e-02
2.103294525146484351e-01
2.926087951660156367e-02
5.846964263916015758e-02
2.130588073730468879e-01
6.471942901611328625e-02
2.795191764831542885e-02
1.448862304687499880e-01
2.242094230651855633e-02
7.037576293945312089e-02
1.317326784133911188e-03
7.228525543212890869e-02
8.199398803710937489e-02
7.219706726074218150e-02
7.762865447998046342e-02
4.363421630859375122e-02
2.246673126220703198e-01
6.019754028320312839e-02
4.100057983398437689e-02
7.589933872222900555e-04
7.075492095947265303e-02
8.868209838867187333e-02
0.000000000000000000e+00
2.773171424865722781e-02
1.124424514770507866e-01
7.094187164306640925e-02
2.850027275085449327e-02
6.696748352050781172e-02
1.726414489746093683e-01
2.993585205078124964e-02
7.381002044677734131e-02
9.002840423583984009e-02
7.863110351562499489e-02
1.122080917358398433e-01
9.549328613281249378e-02
4.313202667236328003e-02
3.475017547607422031e-03
5.584494400024413857e-02
6.208194351196288929e-02
2.893403816223144576e-02
3.220291376113891459e-03
1.182921314239501927e-02
1.327760219573974679e-02
2.783298969268798925e-03
4.323284149169921708e-02
3.982441711425781239e-02
0.000000000000000000e+00
4.228018951416015470e-02
6.450929260253905617e-02
1.974120788574218743e-01
5.543876647949218944e-02
6.312273788452148204e-02
1.782454833984374876e-01
2.680861473083495997e-02
9.278591156005859542e-02
2.710643920898437309e-01
4.515045928955078308e-02
1.129944152832031284e-01
6.517239379882812378e-02
3.243848800659179799e-02
6.965024948120117354e-03
5.567162704467773504e-02
6.970163726806641313e-02
1.007875747680664069e-01
1.199340820312500000e-01
7.339484405517578136e-02
4.844835662841796842e-02
2.157374267578124893e-01
6.282102203369140103e-02
3.323540878295898338e-02
1.892450714111328092e-01
2.242094230651855633e-02
1.267254257202148418e-02
1.497538757324218817e-01
3.982963562011718889e-02
1.019323883056640623e-01
6.663356781005859431e-02
7.318674468994140758e-02
5.772136306762695040e-02
2.968817234039306495e-03
9.549878120422362546e-03
1.084726791381835920e-01
1.196565322875976500e-01
3.616811370849609686e-02
1.388588523864746176e-02
1.662857666015624958e-01
3.123634719848632918e-02
3.453974151611328286e-02
1.592132568359375111e-01
2.242094230651855633e-02
5.811994934082031355e-02
1.733211364746093663e-01
2.305076408386230388e-02
4.839316177368164357e-02
1.764351348876952996e-01
6.285894012451172241e-02
3.108883666992187655e-02
1.532258453369140516e-01
2.242094230651855633e-02
9.925349426269530762e-02
7.977579498291015314e-02
7.396233367919921586e-02
4.581422805786132535e-02
1.420707702636718750e-01
6.620629119873046309e-02
4.405903625488281211e-02
2.544761047363281459e-01
2.966744232177734308e-02
2.101867866516113348e-02
7.920133972167968384e-02
7.533097839355468173e-02
6.883491516113281194e-02
2.202219238281249991e-01
4.157995605468749883e-02
6.551977539062500688e-02
1.418038024902343874e-01
6.074055480957031572e-02
8.256369018554687855e-02
2.436504554748535056e-02
7.753631591796875111e-02
4.798136520385742204e-02
1.049348526000976611e-01
5.705137252807617604e-03
2.492496109008789096e-02
2.589745483398437353e-01
4.774931716918945357e-02
5.553760147094726624e-02
9.957518768310547053e-02
7.938344573974609464e-02
1.060107421875000067e-01
1.148304462432861266e-02
6.558786773681640758e-02
5.499624633789062383e-02
2.008188018798828245e-01
6.219092178344726857e-02
5.991886520385741877e-02
1.862153167724609482e-01
6.375627899169922230e-02
9.947457122802734475e-02
1.070322418212890647e-02
7.355351257324219127e-02
1.764923286437988445e-02
1.789201049804687582e-01
2.588937759399414021e-02
3.158041572570800815e-02
2.818145141601562376e-01
3.288504409790039135e-02
3.621655273437499739e-02
2.053154602050781263e-01
2.242094230651855633e-02
7.855760955810546509e-02
0.000000000000000000e+00
2.543959236145019662e-02
4.546206951141357200e-03
3.111905860900878937e-02
4.985576248168945013e-02
7.145230102539062988e-02
9.220010375976563088e-02
7.884561920166015259e-02
5.099878311157226424e-02
2.195356445312499905e-01
6.181808090209960777e-02
6.909322261810302464e-03
1.056381225585937556e-01
1.519270133972167904e-02
1.067891216278076157e-02
5.793358325958251898e-03
6.226217269897461187e-02
7.309169769287109097e-02
1.847915649414062500e-01
4.292459869384765425e-02
1.071541366577148380e-01
3.145474433898926003e-02
6.991953277587890925e-02
6.597691345214844183e-02
1.711135864257812625e-02
5.653943061828613226e-03
1.020667724609374966e-01
3.061235904693603710e-03
5.889184951782226729e-02
5.152057647705077931e-02
5.136595535278320329e-02
5.539561748504638616e-03
8.160589599609374689e-02
7.686049938201904540e-03
7.684088134765625078e-02
4.065383529663085804e-02
3.982682800292968589e-02
6.275192737579345439e-03
8.701742553710938022e-02
1.306170959472656157e-01
9.340470314025878240e-03
1.549123883247375535e-03
7.411840820312499967e-02
4.499593734741211271e-02
1.124641647338867206e-01
7.997568511962890869e-02
5.678026580810546786e-02
7.249860286712646144e-03
1.228078231811523396e-01
3.877030563354492282e-02
1.121984634399414010e-01
8.543595886230469227e-02
2.682519531250000117e-02
7.541439056396484313e-03
9.512138366699218750e-02
7.024330902099609752e-02
9.863162994384765125e-02
2.878914184570312562e-01
5.041073608398437267e-02
6.800387573242187844e-02
1.624892730712890754e-01
5.575411224365234286e-02
6.078263092041015503e-02
2.755374450683593657e-01
3.174442100524902527e-02
5.767411041259765808e-02
1.030925586819648755e-04
1.624550056457519515e-02
1.466118717193603573e-02
1.823593902587890558e-01
3.175246238708496344e-02
4.848160171508789085e-02
2.654648132324218812e-01
5.388952255249023632e-02
6.697821044921875577e-02
2.525928802490234326e-01
4.232551956176757585e-02
7.525104522705078347e-03
1.590810298919677693e-02
5.898517990112304987e-02
6.120442581176757657e-02
1.025003433227539111e-02
7.919833374023436956e-02
3.330588150024414024e-02
4.668109893798828153e-02
7.176806449890136413e-03
3.566743469238281561e-02
1.546738739013671926e-01
6.242094039916992049e-02
2.546702003479003884e-02
2.603027038574218799e-01
3.245432662963867315e-02
9.100521087646484819e-02
9.402173571288585297e-06
2.101998901367187547e-02
2.563324928283691392e-02
2.118273620605468643e-01
3.065261650085449388e-02
7.393640136718750144e-02
9.382035064697265281e-02
6.219846725463867160e-03
3.579587554931640964e-02
0.000000000000000000e+00
4.845900726318359136e-02
5.774840164184570634e-02
1.390277252197265612e-01
7.205762481689452492e-02
5.937743759155273554e-02
2.681305847167968492e-01
3.113626670837402188e-02
2.814801216125488448e-02
2.589745483398437353e-01
4.284528350830078131e-02
8.720809173583984886e-02
1.354394836425781290e-01
1.390789508819580134e-02
5.289527893066406361e-02
2.154042053222656183e-01
6.311120605468749367e-02
6.845384979248046731e-02
9.585720825195312433e-02
7.906163024902343461e-02
2.795299530029296889e-02
2.071991882324218659e-01
2.450041198730468911e-02
3.761471939086914046e-02
1.273753738403320401e-01
7.823328399658202592e-02
8.085166931152343306e-02
2.770316467285156015e-01
5.299389266967773765e-02
2.521158409118652230e-02
2.801761474609374969e-01
3.553886413574218472e-02
1.122103271484374970e-01
9.554762268066406550e-02
5.094505691528320585e-02
1.082068557739257753e-01
2.062185859680175717e-02
2.007287025451660184e-02
2.475347328186035256e-02
0.000000000000000000e+00
4.260526657104492243e-02
8.892841339111327847e-02
3.009745788574218484e-01
4.057941055297851346e-02
5.564062499999999911e-02
1.461270751953125113e-01
6.286381912231445157e-02
3.627952194213867471e-02
5.239968109130859614e-02
6.760996818542480344e-03
5.325102233886718633e-02
2.193900146484374925e-01
2.332225799560546861e-02
4.609920501708984070e-02
2.970891113281249885e-01
3.383064270019531250e-02
5.653478622436523132e-02
2.963463439941406152e-01
3.333546066284179960e-02
6.708760070800781627e-02
2.142859802246093737e-01
2.803877258300781217e-02
6.971916961669921697e-02
1.825797271728515636e-01
5.263097381591796964e-02
2.865263223648071254e-03
8.546525573730469338e-02
5.876074981689453219e-02
8.950045776367188122e-02
1.419699859619140588e-02
8.536916732788085715e-03
3.519414138793945657e-02
3.235329818725585921e-02
6.910588264465332073e-03
9.820242309570312300e-02
1.327678222656250018e-01
1.953529357910156403e-02
1.314465332031249968e-02
1.589415588378906286e-01
3.864643096923828236e-02
5.313825607299804688e-02
1.646624603271484300e-01
6.555857849121093928e-02
5.768262863159179937e-02
1.581084747314453198e-01
2.245404243469238323e-02
2.685098457336425673e-02
3.191330146789550515e-02
7.657688903808593239e-02
6.832665920257567985e-03
3.653551101684570507e-02
1.542363834381103513e-02
5.372805023193359675e-02
2.521168365478515527e-01
2.933578681945800751e-02
1.064479370117187434e-01
2.912687988281250084e-01
3.585688018798827842e-02
7.002381896972656450e-02
6.040626168251037346e-04
7.058491516113281350e-02
1.114368743896484437e-01
5.861786651611328169e-02
2.221493911743164032e-02
5.911338806152343500e-02
2.838237915039062420e-01
3.216094589233398776e-02
3.430606079101562733e-02
9.542858123779296431e-02
7.019913196563721050e-03
4.840587615966796681e-02
2.273581695556640692e-01
6.070748138427734669e-02
4.937692642211913979e-02
3.009745788574218484e-01
3.778174972534179693e-02
5.985611915588378608e-03
8.938065338134765225e-02
1.632571983337402499e-02
7.750260162353515836e-02
1.344400882720947314e-02
7.823798370361327581e-02
6.032507324218749911e-02
9.436341857910156283e-02
5.468796253204346106e-03
1.753547096252441526e-02
1.674644470214843861e-01
2.542776489257812453e-02
8.361772537231445049e-03
9.640959930419921997e-02
7.096865844726563122e-02
5.773081970214843928e-02
1.664192657470703052e-01
2.010104370117187650e-02
7.340150451660155950e-02
3.009745788574218484e-01
3.964389419555663929e-02
7.319202899932861217e-03
1.231107711791992188e-01
4.597832107543945585e-02
1.955766105651855422e-02
5.386367034912109553e-02
7.495666503906249500e-02
9.932791137695312633e-02
9.663301086425780950e-02
7.394676208496094028e-02
6.897761535644530984e-02
2.648877258300781357e-01
3.089334297180175784e-02
3.447960376739501922e-03
7.207886505126953613e-02
2.299333572387695160e-02
1.130215759277343746e-01
6.191001892089843806e-02
3.269499969482422136e-02
6.279109954833984181e-03
1.183694000244140676e-01
6.134297943115234186e-02
8.581189155578613711e-03
1.175708675384521534e-02
5.116923141479492315e-02
6.066220855712890769e-02
9.825041961669922497e-02
5.475569725036621462e-03
1.131073532104492213e-01
7.660009765625000466e-02
5.105752182006836198e-02
8.464987182617186856e-02
6.366210174560546498e-02
7.722087097167969205e-02
7.135806274414062400e-02
1.443895416259765585e-01
3.838593673706054699e-02
7.710291290283202703e-02
2.690781860351562638e-01
5.355083465576172125e-02
4.098463058471679688e-02
0.000000000000000000e+00
3.702571105957030984e-02
8.767501068115234053e-02
2.617854614257812407e-01
4.559774398803710660e-02
8.549123382568359075e-02
2.689989013671875151e-01
3.742094421386718550e-02
4.464223480224609186e-02
1.439779510498046811e-01
2.045206832885742079e-02
7.487577819824219050e-02
6.453774261474609641e-02
7.851948547363281350e-02
7.294309997558594272e-02
2.945050964355468981e-01
3.241884231567383062e-02
1.026094512939453168e-01
9.370312499999999822e-02
1.186952781677246167e-02
1.008828353881836004e-01
1.262402496337890756e-01
1.331556701660156251e-02
7.458456516265869057e-03
1.621377182006835879e-02
4.990597915649414018e-02
9.876158142089844216e-02
3.460530471801757935e-02
1.080328559875488349e-02
8.939730834960937789e-02
3.009745788574218484e-01
4.235020828247069991e-02
2.383254432678222692e-02
1.909143066406250033e-01
2.310042381286621024e-02
4.270571517944336121e-02
4.743564224243163735e-02
7.875402832031250244e-02
6.401539611816406405e-02
8.276404380798340135e-03
7.865915679931641258e-02
7.071070098876952592e-02
3.701109647750854426e-03
7.549970245361328769e-02
4.494282913208007962e-02
2.130652770996093737e-01
1.881677436828613215e-02
9.305416107177734431e-02
0.000000000000000000e+00
2.691989898681640750e-02
1.291783905029296811e-02
8.351595306396483731e-02
7.314003753662109975e-02
1.070760116577148396e-01
1.237343749999999937e-01
3.099737167358398299e-02
3.486201858520508040e-02
1.823830566406250131e-01
6.242094039916992049e-02
5.550099563598633046e-02
1.676884918212890596e-01
1.950214958190918044e-02
2.844043350219726402e-02
5.839482879638671631e-02
7.688371276855468506e-02
1.061157684326171913e-01
1.255199737548828021e-01
3.919591522216796936e-02
6.051596450805664384e-02
1.922831878662109306e-01
6.106037521362304987e-02
1.393238830566406218e-02
1.752911529541015534e-01
5.204956054687499833e-02
1.678610038757324258e-02
1.959331207275390729e-01
4.713348388671875083e-02
6.956690216064452537e-02
1.477939147949218768e-01
3.673367309570312739e-02
9.347432708740234519e-02
3.471277236938476868e-02
7.543848419189452814e-02
5.566733169555664051e-02
2.447576293945312453e-01
5.697092056274413729e-02
9.680311584472656161e-02
3.145132255554199119e-02
1.026629257202148378e-02
2.706696891784668088e-02
2.777316589355468546e-01
5.183806991577148693e-02
4.093258285522460849e-02
4.041771316528320473e-02
7.859730529785156905e-02
1.519804763793945399e-02
1.887784423828124947e-01
4.467757415771484580e-02
6.987917327880859009e-02
9.717070579528808150e-03
7.871537017822265170e-02
1.910320091247558541e-02
7.001069641113280562e-02
7.483683776855468150e-02
4.274920463562011455e-03
1.071519851684570312e-01
4.523718261718750328e-02
7.684402465820312778e-02
0.000000000000000000e+00
3.560050201416015830e-02
4.277742767333984203e-02
2.997837829589843905e-01
4.718075942993164157e-02
2.357221031188964921e-02
0.000000000000000000e+00
5.455166625976562433e-02
1.174616718292236309e-02
1.410094909667968799e-01
3.856407546997070446e-02
5.879851341247558164e-03
2.358961105346679688e-02
6.050696182250976662e-02
6.974772644042968872e-02
7.318519592285156750e-02
7.896189880371093373e-02
9.824588012695312234e-02
1.427307248115539454e-03
6.670448303222656361e-02
8.663300323486328169e-02
3.009745788574218484e-01
3.699290847778319985e-02
1.052550201416015685e-01
9.058814239501952748e-02
1.298344135284423828e-02
6.355345153808593384e-02
1.016003952026367230e-01
5.532059192657470467e-03
3.597673416137694979e-02
1.114618911743164020e-01
7.802962493896484220e-02
1.073900833129882854e-01
1.229850997924804706e-01
2.635920143127441426e-02
1.415206813812255882e-02
1.804966888427734506e-01
4.791755676269530972e-02
1.007768020629882799e-01
2.977494506835937638e-01
4.940916824340819968e-02
1.099673843383789096e-01
2.816156005859375006e-02
3.372362518310546842e-02
9.604777336120605413e-03
8.046253204345703292e-03
2.181779098510742282e-02
9.030915069580078280e-02
0.000000000000000000e+00
2.983786201477050745e-02
5.345688247680664001e-02
2.413628082275390552e-01
5.820587921142578169e-02
3.853231430053710715e-02
1.054789123535156276e-01
7.834706878662109353e-02
7.173290252685546320e-02
1.180393218994140597e-01
6.012841224670410420e-03
1.111407928466796868e-01
1.045058288574218786e-01
4.701057052612304943e-02
1.566762328147888175e-03
7.126490020751953536e-02
4.537504959106445496e-02
4.941607666015625233e-02
2.808538513183593821e-01
5.276773071289062728e-02
1.011929779052734429e-01
1.224026794433593773e-01
1.202670478820800845e-02
9.494416809082031894e-02
2.618356018066406166e-01
4.096813964843749878e-02
6.227445602416992188e-02
2.190527496337890678e-01
5.720793151855468883e-02
6.564060974121094238e-02
3.759550476074218633e-02
5.635083675384521679e-03
5.959919738769531294e-02
1.107303466796874941e-01
7.938710021972655850e-02
7.284827423095703580e-02
1.874616241455078214e-01
3.935528945922851796e-02
5.865966033935546969e-02
3.085555839538574319e-02
5.440436363220215073e-03
5.182552719116211015e-02
1.642884826660156172e-01
1.918034362792968642e-02
6.712528228759766236e-02
1.569103851318359444e-01
3.046305847167968608e-02
1.061923828124999997e-01
2.957824707031250222e-01
4.978067016601562395e-02
1.095667171478271508e-02
6.341137313842773460e-02
7.242778778076171264e-02
6.039958953857421653e-02
6.448495483398437866e-02
7.937596893310547297e-02
9.298671722412109319e-02
8.896952056884765980e-02
9.260197639465332642e-03
1.619432640075683591e-02
1.396461944580077996e-01
2.499725914001465002e-02
9.011112213134765681e-02
2.572689056396484236e-02
8.659005165100097656e-03
1.387145519256591762e-02
1.766489562988281248e-01
3.426197433471679654e-02
5.575683975219726529e-02
2.936213073730468692e-01
3.241034317016601440e-02
7.067314147949219083e-02
2.051026000976562402e-01
3.302613830566406006e-02
3.237177658081054343e-02
9.345330047607422475e-02
7.308454036712646630e-03
1.207870292663574228e-02
1.359844360351562531e-01
1.713294601440429679e-02
1.682437062263488804e-03
6.276091003417968994e-02
3.711598587036132879e-02
1.060589752197265562e-01
1.021643352508544954e-02
2.338810539245605308e-02
9.402573394775390336e-02
1.029033889770507859e-01
9.506769180297851285e-03
2.876362228393554779e-02
1.590185852050781112e-01
6.242094039916992049e-02
3.686883926391601451e-02
2.449949798583984373e-01
5.179980087280273288e-02
7.670115470886230101e-03
1.176983947753906246e-01
1.447809219360351486e-02
4.015151214599609053e-02
0.000000000000000000e+00
5.972327041625976468e-02
8.055892181396484553e-02
2.793361511230468830e-01
3.197881126403808588e-02
1.373616504669189498e-02
1.205793533325195260e-01
1.145155525207519447e-02
1.568887805938720681e-02
4.523723983764648543e-02
1.088987350463867243e-02
2.757708549499511552e-02
2.059467315673827945e-03
7.126139831542968595e-02
4.331691741943359542e-02
9.017314147949219427e-02
6.025259494781494245e-03
6.723838043212890248e-02
1.031277008056640659e-01
7.914076232910156883e-02
2.981858062744140517e-02
1.997750997543335004e-04
1.774313545227050939e-02
2.199387311935424669e-03
7.540019226074218262e-02
3.098769760131835777e-02
4.949709320068359369e-02
2.599722595214843945e-01
3.035581970214843578e-02
5.399971008300781528e-02
1.142227249145507800e-01
5.479902744293213036e-03
7.989778995513915558e-03
1.406349468231201175e-02
3.190444755554198986e-02
5.862276840209960926e-02
5.389241409301757935e-02
7.941219329833984486e-02
4.998712921142577786e-02
9.838009643554687655e-02
7.923552703857421331e-02
7.262972259521484342e-02
6.139941024780273121e-02
6.103505611419677429e-03
6.352113723754883312e-02
2.491731262207031172e-01
4.087598419189453214e-02
5.409846878051757790e-02
2.004158782958984364e-01
6.219061279296875244e-02
3.319408416748046570e-02
1.034116973876953172e-01
7.177217006683349679e-03
2.283214569091797028e-02
1.455018615722656339e-01
2.255390930175781364e-02
5.375444030761718922e-02
1.404299468994140709e-01
1.677844429016113123e-02
8.522908782958985019e-02
8.668199920654297286e-02
7.711993408203124400e-02
3.056332397460937572e-02
1.854015808105468621e-01
6.242094039916992049e-02
3.693559265136718561e-02
0.000000000000000000e+00
3.629693222045898143e-02
2.200461769104003831e-02
3.251740646362304837e-02
9.300459861755370691e-03
8.443424224853515736e-02
1.377019500732421797e-01
2.396550559997558463e-02
2.984233283996582178e-02
1.243892288208007790e-01
7.711377716064453380e-02
2.332499313354492038e-02
1.493122711181640583e-01
6.230317687988281422e-02
3.214440917968749978e-02
1.579161071777343828e-01
6.242094039916992049e-02
5.766200637817382735e-02
1.145542678833007810e-01
7.941909027099609830e-02
1.633041000366210888e-02
1.387995300292968748e-01
1.897846984863281114e-02
7.172290802001952958e-02
9.452079772949219250e-02
7.882829284667969283e-02
6.118360137939453380e-02
2.459745483398437516e-01
4.528686523437500111e-02
8.931284332275390980e-02
1.363933563232421764e-01
4.405505752563476651e-02
5.627899932861327864e-02
7.658028411865235030e-02
7.939642333984374412e-02
1.087856216430664047e-01
1.181489791870117129e-01
4.697385025024414240e-02
5.056551361083984342e-02
1.070365524291992249e-01
7.926520538330078525e-02
1.006700363159179629e-01
8.145940399169922241e-02
1.133496189117431593e-02
5.918878555297851785e-02
2.843731689453125044e-01
3.217555999755859070e-02
3.496458435058593522e-02
2.137298126220703032e-01
6.081725311279297108e-02
4.728067779541015453e-02
3.915647125244140631e-02
7.909442138671875233e-02
1.003574752807617210e-01
5.853520584106445407e-02
7.363661956787109775e-02
1.525277233123779365e-02
1.747986450195312402e-01
2.868205070495605594e-02
4.701634979248046908e-02
1.921032714843750044e-01
6.396435928344726407e-02
4.338721466064453247e-02
1.568115386962890545e-01
6.274571990966797130e-02
1.870489883422851718e-02
2.014886322021484377e-01
4.987550735473633007e-02
1.112722702026367194e-01
3.715277099609375078e-02
6.271641921997070379e-02
1.769412231445312636e-02
1.968316955566406234e-01
3.067202949523925928e-02
4.717410659790038929e-02
2.633166503906250178e-01
3.072678565979003809e-02
2.809184074401855497e-02
1.074041976928711006e-01
7.682862091064453225e-02
1.822133445739746241e-02
1.109143142700195345e-01
1.019144248962402383e-02
1.070599288940429633e-01
1.466692161560058556e-02
2.099673843383789013e-02
7.785150146484375033e-02
1.206722259521484375e-01
7.819369506835938122e-02
5.433438873291015353e-02
8.824077606201172208e-02
7.936367797851562322e-02
1.134313125610351553e-01
6.654714965820313077e-02
3.946525573730468722e-02
1.721410560607910048e-02
1.871458435058593883e-01
2.748505020141601626e-02
1.133355484008789077e-01
6.293207168579101340e-02
3.673622131347656361e-02
5.642319488525390780e-02
1.661157073974609266e-01
1.968874549865722717e-02
1.118299560546874988e-01
9.899857330322266169e-02
4.587559127807617348e-02
1.009799194335937456e-01
1.024178085327148435e-01
1.141780090332031317e-02
1.480413150787353478e-02
4.234645462036133040e-02
1.114550685882568365e-02
1.724132919311523529e-02
1.661928100585937373e-01
5.916092300415039251e-02
1.103870315551757769e-01
9.758615112304687422e-02
6.621678161621093184e-02
1.052591552734375019e-01
9.941288757324218128e-02
7.186972045898437633e-02
9.997444915771484808e-02
5.565029907226562433e-02
1.113988018035888712e-02
3.093927860260009717e-03
8.565012359619141036e-02
5.996672058105468467e-02
2.719129180908202992e-02
1.142662887573242247e-01
7.664416503906250344e-02
6.731213378906250600e-02
1.653721466064453083e-01
5.798929214477539090e-02
6.782872009277343683e-02
1.334076595306396551e-02
7.908174896240234564e-02
9.523414611816406750e-02
1.338778381347656143e-01
6.673040008544921242e-02
3.636718368530273554e-02
1.397657012939453047e-01
1.655819129943847737e-02
3.440226745605468733e-02
1.752168884277343630e-01
6.242094039916992049e-02
5.002227783203125333e-02
1.336953430175781277e-01
7.072007656097412456e-03
1.225819778442382817e-02
3.927952527999877506e-03
2.013051605224609394e-02
1.089767379760742255e-01
1.171569671630859344e-01
5.158008575439453069e-02
5.587722778320312542e-03
7.792837524414061856e-02
6.798481750488281905e-02
3.442934036254882701e-02
5.418082237243652087e-03
7.580477142333984231e-02
6.185676956176757585e-02
1.461301116943359291e-01
5.980920028686523282e-02
7.406217193603516213e-02
2.635840797424316567e-02
7.859367370605468972e-02
3.881197738647460677e-02
1.514267730712890725e-01
6.242094039916992049e-02
3.179176712036133057e-02
1.792594146728515581e-01
2.242094230651855633e-02
4.733906936645507907e-02
1.395494689941406130e-01
7.017375183105468983e-02
7.640340423583984186e-02
1.597137451171875069e-02
6.481477737426757924e-03
7.711186218261718850e-02
1.194642333984374943e-01
6.560590267181396623e-03
